<?xml version="1.0" encoding="utf-8"?>
<!DOCTYPE coverage SYSTEM "http://cobertura.sourceforge.net/xml/coverage-04.dtd">
<coverage line-rate="0.830538009148334" branch-rate="0.942307692307692" lines-covered="3813" lines-valid="4591" branches-covered="49" branches-valid="52" complexity="592" version="0" timestamp="1669408018">
  <sources>
    <source>D:\UCABDWSEmpresa2_2022-2023\src\backend\</source>
    <source>C:\</source>
  </sources>
  <packages>
    <package name="ServicesDeskUCABWS" line-rate="0.629377431906615" branch-rate="0.942307692307692" complexity="416">
      <classes>
        <class name="ServicesDeskUCABWS.BussinesLogic.DAO.DepartamentoDAO.DepartamentoDAO" filename="D:\UCABDWSEmpresa2_2022-2023\src\backend\ServicesDeskUCABWS\BussinesLogic\DAO\DepartamentoDAO\DepartamentoDAO.cs" line-rate="1" branch-rate="1" complexity="22">
          <methods>
            <method name="AgregarDepartamentoDAO" signature="(...)" line-rate="1" branch-rate="1" complexity="2">
              <lines>
                <line number="34" hits="3" branch="false" />
                <line number="36" hits="3" branch="false" />
                <line number="37" hits="4" branch="true" condition-coverage="100% (2/2)" />
                <line number="38" hits="1" branch="false" />
                <line number="39" hits="1" branch="false" />
                <line number="40" hits="1" branch="false" />
                <line number="42" hits="2" branch="false" />
                <line number="43" hits="2" branch="false" />
                <line number="44" hits="2" branch="false" />
                <line number="45" hits="2" branch="false" />
                <line number="46" hits="2" branch="false" />
                <line number="47" hits="2" branch="false" />
                <line number="48" hits="2" branch="false" />
                <line number="49" hits="2" branch="false" />
                <line number="50" hits="2" branch="false" />
                <line number="52" hits="2" branch="false" />
                <line number="54" hits="2" branch="false" />
                <line number="55" hits="1" branch="false" />
                <line number="57" hits="2" branch="false" />
              </lines>
            </method>
            <method name="eliminarDepartamento" signature="(...)" line-rate="1" branch-rate="1" complexity="1">
              <lines>
                <line number="61" hits="2" branch="false" />
                <line number="63" hits="2" branch="false" />
                <line number="64" hits="2" branch="false" />
                <line number="65" hits="2" branch="false" />
                <line number="68" hits="1" branch="false" />
                <line number="69" hits="1" branch="false" />
                <line number="70" hits="1" branch="false" />
                <line number="71" hits="1" branch="false" />
                <line number="73" hits="1" branch="false" />
                <line number="74" hits="1" branch="false" />
                <line number="75" hits="1" branch="false" />
                <line number="77" hits="1" branch="false" />
              </lines>
            </method>
            <method name="ActualizarDepartamento" signature="(...)" line-rate="1" branch-rate="1" complexity="1">
              <lines>
                <line number="81" hits="3" branch="false" />
                <line number="83" hits="3" branch="false" />
                <line number="84" hits="3" branch="false" />
                <line number="85" hits="2" branch="false" />
                <line number="86" hits="1" branch="false" />
                <line number="87" hits="1" branch="false" />
                <line number="88" hits="1" branch="false" />
                <line number="89" hits="1" branch="false" />
                <line number="90" hits="1" branch="false" />
                <line number="91" hits="1" branch="false" />
                <line number="92" hits="1" branch="false" />
                <line number="93" hits="1" branch="false" />
                <line number="94" hits="1" branch="false" />
                <line number="95" hits="1" branch="false" />
                <line number="96" hits="1" branch="false" />
                <line number="98" hits="1" branch="false" />
                <line number="99" hits="1" branch="false" />
                <line number="100" hits="1" branch="false" />
                <line number="102" hits="1" branch="false" />
                <line number="103" hits="1" branch="false" />
                <line number="104" hits="1" branch="false" />
                <line number="106" hits="1" branch="false" />
              </lines>
            </method>
            <method name="ConsultarPorID" signature="(...)" line-rate="1" branch-rate="1" complexity="1">
              <lines>
                <line number="110" hits="2" branch="false" />
                <line number="111" hits="2" branch="false" />
                <line number="113" hits="2" branch="false" />
                <line number="114" hits="2" branch="false" />
                <line number="115" hits="1" branch="false" />
                <line number="118" hits="2" branch="false" />
                <line number="119" hits="1" branch="false" />
                <line number="121" hits="1" branch="false" />
              </lines>
            </method>
            <method name="ConsultarDepartamentos" signature="()" line-rate="1" branch-rate="1" complexity="1">
              <lines>
                <line number="125" hits="2" branch="false" />
                <line number="127" hits="2" branch="false" />
                <line number="128" hits="2" branch="false" />
                <line number="129" hits="2" branch="false" />
                <line number="130" hits="2" branch="false" />
                <line number="131" hits="2" branch="false" />
                <line number="132" hits="2" branch="false" />
                <line number="133" hits="2" branch="false" />
                <line number="134" hits="2" branch="false" />
                <line number="135" hits="2" branch="false" />
                <line number="136" hits="2" branch="false" />
                <line number="137" hits="2" branch="false" />
                <line number="138" hits="2" branch="false" />
                <line number="139" hits="2" branch="false" />
                <line number="141" hits="1" branch="false" />
                <line number="144" hits="1" branch="false" />
                <line number="145" hits="1" branch="false" />
                <line number="146" hits="1" branch="false" />
                <line number="148" hits="1" branch="false" />
              </lines>
            </method>
            <method name="DeletedDepartamento" signature="()" line-rate="1" branch-rate="1" complexity="1">
              <lines>
                <line number="152" hits="3" branch="false" />
                <line number="154" hits="3" branch="false" />
                <line number="155" hits="3" branch="false" />
                <line number="156" hits="3" branch="false" />
                <line number="157" hits="3" branch="false" />
                <line number="158" hits="3" branch="false" />
                <line number="159" hits="3" branch="false" />
                <line number="160" hits="3" branch="false" />
                <line number="161" hits="3" branch="false" />
                <line number="162" hits="3" branch="false" />
                <line number="163" hits="3" branch="false" />
                <line number="164" hits="3" branch="false" />
                <line number="165" hits="3" branch="false" />
                <line number="166" hits="3" branch="false" />
                <line number="168" hits="1" branch="false" />
                <line number="171" hits="2" branch="false" />
                <line number="172" hits="2" branch="false" />
                <line number="173" hits="2" branch="false" />
                <line number="175" hits="1" branch="false" />
              </lines>
            </method>
            <method name="GetByIdDepartamento" signature="(...)" line-rate="1" branch-rate="1" complexity="1">
              <lines>
                <line number="179" hits="2" branch="false" />
                <line number="180" hits="2" branch="false" />
                <line number="182" hits="2" branch="false" />
                <line number="183" hits="2" branch="false" />
                <line number="184" hits="2" branch="false" />
                <line number="185" hits="2" branch="false" />
                <line number="186" hits="2" branch="false" />
                <line number="187" hits="2" branch="false" />
                <line number="188" hits="2" branch="false" />
                <line number="189" hits="2" branch="false" />
                <line number="190" hits="2" branch="false" />
                <line number="191" hits="2" branch="false" />
                <line number="192" hits="2" branch="false" />
                <line number="193" hits="1" branch="false" />
                <line number="195" hits="2" branch="false" />
                <line number="196" hits="1" branch="false" />
                <line number="198" hits="1" branch="false" />
              </lines>
            </method>
            <method name="AsignarGrupoToDepartamento" signature="(...)" line-rate="1" branch-rate="1" complexity="2">
              <lines>
                <line number="201" hits="2" branch="false" />
                <line number="204" hits="2" branch="false" />
                <line number="205" hits="2" branch="false" />
                <line number="208" hits="9" branch="true" condition-coverage="100% (2/2)" />
                <line number="209" hits="2" branch="false" />
                <line number="211" hits="2" branch="false" />
                <line number="212" hits="1" branch="false" />
                <line number="213" hits="1" branch="false" />
                <line number="214" hits="1" branch="false" />
                <line number="216" hits="1" branch="false" />
                <line number="218" hits="1" branch="false" />
                <line number="219" hits="1" branch="false" />
                <line number="220" hits="1" branch="false" />
                <line number="222" hits="1" branch="false" />
              </lines>
            </method>
            <method name="NoAsociado" signature="()" line-rate="1" branch-rate="1" complexity="1">
              <lines>
                <line number="226" hits="2" branch="false" />
                <line number="228" hits="2" branch="false" />
                <line number="229" hits="2" branch="false" />
                <line number="230" hits="2" branch="false" />
                <line number="231" hits="2" branch="false" />
                <line number="232" hits="2" branch="false" />
                <line number="233" hits="2" branch="false" />
                <line number="234" hits="2" branch="false" />
                <line number="235" hits="2" branch="false" />
                <line number="236" hits="2" branch="false" />
                <line number="237" hits="2" branch="false" />
                <line number="238" hits="2" branch="false" />
                <line number="239" hits="2" branch="false" />
                <line number="240" hits="1" branch="false" />
                <line number="242" hits="1" branch="false" />
                <line number="243" hits="1" branch="false" />
                <line number="244" hits="1" branch="false" />
                <line number="246" hits="1" branch="false" />
              </lines>
            </method>
            <method name="ExisteDepartamento" signature="(...)" line-rate="1" branch-rate="1" complexity="2">
              <lines>
                <line number="249" hits="5" branch="false" />
                <line number="250" hits="5" branch="false" />
                <line number="253" hits="5" branch="false" />
                <line number="254" hits="5" branch="false" />
                <line number="255" hits="3" branch="true" condition-coverage="100% (2/2)" />
                <line number="256" hits="2" branch="false" />
                <line number="257" hits="3" branch="false" />
                <line number="258" hits="2" branch="false" />
                <line number="259" hits="2" branch="false" />
                <line number="260" hits="2" branch="false" />
                <line number="262" hits="3" branch="false" />
                <line number="263" hits="3" branch="false" />
              </lines>
            </method>
            <method name="EditarRelacion" signature="(...)" line-rate="1" branch-rate="1" complexity="8">
              <lines>
                <line number="266" hits="3" branch="false" />
                <line number="268" hits="3" branch="false" />
                <line number="269" hits="3" branch="false" />
                <line number="271" hits="4" branch="true" condition-coverage="100% (2/2)" />
                <line number="273" hits="1" branch="false" />
                <line number="275" hits="1" branch="false" />
                <line number="277" hits="4" branch="true" condition-coverage="100% (2/2)" />
                <line number="279" hits="11" branch="true" condition-coverage="100% (2/2)" />
                <line number="281" hits="2" branch="false" />
                <line number="282" hits="2" branch="true" condition-coverage="100% (2/2)" />
                <line number="283" hits="1" branch="false" />
                <line number="284" hits="1" branch="false" />
                <line number="285" hits="1" branch="false" />
                <line number="286" hits="1" branch="false" />
                <line number="289" hits="1" branch="false" />
                <line number="291" hits="1" branch="false" />
                <line number="292" hits="1" branch="false" />
                <line number="294" hits="1" branch="false" />
                <line number="295" hits="1" branch="false" />
                <line number="296" hits="1" branch="false" />
                <line number="298" hits="2" branch="false" />
              </lines>
            </method>
            <method name=".ctor" signature="(...)" line-rate="1" branch-rate="1" complexity="1">
              <lines>
                <line number="26" hits="26" branch="false" />
                <line number="27" hits="26" branch="false" />
                <line number="28" hits="26" branch="false" />
                <line number="29" hits="26" branch="false" />
                <line number="30" hits="26" branch="false" />
              </lines>
            </method>
          </methods>
          <lines>
            <line number="26" hits="26" branch="false" />
            <line number="27" hits="26" branch="false" />
            <line number="28" hits="26" branch="false" />
            <line number="29" hits="26" branch="false" />
            <line number="30" hits="26" branch="false" />
            <line number="34" hits="3" branch="false" />
            <line number="36" hits="3" branch="false" />
            <line number="37" hits="4" branch="true" condition-coverage="100% (2/2)" />
            <line number="38" hits="1" branch="false" />
            <line number="39" hits="1" branch="false" />
            <line number="40" hits="1" branch="false" />
            <line number="42" hits="2" branch="false" />
            <line number="43" hits="2" branch="false" />
            <line number="44" hits="2" branch="false" />
            <line number="45" hits="2" branch="false" />
            <line number="46" hits="2" branch="false" />
            <line number="47" hits="2" branch="false" />
            <line number="48" hits="2" branch="false" />
            <line number="49" hits="2" branch="false" />
            <line number="50" hits="2" branch="false" />
            <line number="52" hits="2" branch="false" />
            <line number="54" hits="2" branch="false" />
            <line number="55" hits="1" branch="false" />
            <line number="57" hits="2" branch="false" />
            <line number="61" hits="2" branch="false" />
            <line number="63" hits="2" branch="false" />
            <line number="64" hits="2" branch="false" />
            <line number="65" hits="2" branch="false" />
            <line number="68" hits="1" branch="false" />
            <line number="69" hits="1" branch="false" />
            <line number="70" hits="1" branch="false" />
            <line number="71" hits="1" branch="false" />
            <line number="73" hits="1" branch="false" />
            <line number="74" hits="1" branch="false" />
            <line number="75" hits="1" branch="false" />
            <line number="77" hits="1" branch="false" />
            <line number="81" hits="3" branch="false" />
            <line number="83" hits="3" branch="false" />
            <line number="84" hits="3" branch="false" />
            <line number="85" hits="2" branch="false" />
            <line number="86" hits="1" branch="false" />
            <line number="87" hits="1" branch="false" />
            <line number="88" hits="1" branch="false" />
            <line number="89" hits="1" branch="false" />
            <line number="90" hits="1" branch="false" />
            <line number="91" hits="1" branch="false" />
            <line number="92" hits="1" branch="false" />
            <line number="93" hits="1" branch="false" />
            <line number="94" hits="1" branch="false" />
            <line number="95" hits="1" branch="false" />
            <line number="96" hits="1" branch="false" />
            <line number="98" hits="1" branch="false" />
            <line number="99" hits="1" branch="false" />
            <line number="100" hits="1" branch="false" />
            <line number="102" hits="1" branch="false" />
            <line number="103" hits="1" branch="false" />
            <line number="104" hits="1" branch="false" />
            <line number="106" hits="1" branch="false" />
            <line number="110" hits="2" branch="false" />
            <line number="111" hits="2" branch="false" />
            <line number="113" hits="2" branch="false" />
            <line number="114" hits="2" branch="false" />
            <line number="115" hits="1" branch="false" />
            <line number="118" hits="2" branch="false" />
            <line number="119" hits="1" branch="false" />
            <line number="121" hits="1" branch="false" />
            <line number="125" hits="2" branch="false" />
            <line number="127" hits="2" branch="false" />
            <line number="128" hits="2" branch="false" />
            <line number="129" hits="2" branch="false" />
            <line number="130" hits="2" branch="false" />
            <line number="131" hits="2" branch="false" />
            <line number="132" hits="2" branch="false" />
            <line number="133" hits="2" branch="false" />
            <line number="134" hits="2" branch="false" />
            <line number="135" hits="2" branch="false" />
            <line number="136" hits="2" branch="false" />
            <line number="137" hits="2" branch="false" />
            <line number="138" hits="2" branch="false" />
            <line number="139" hits="2" branch="false" />
            <line number="141" hits="1" branch="false" />
            <line number="144" hits="1" branch="false" />
            <line number="145" hits="1" branch="false" />
            <line number="146" hits="1" branch="false" />
            <line number="148" hits="1" branch="false" />
            <line number="152" hits="3" branch="false" />
            <line number="154" hits="3" branch="false" />
            <line number="155" hits="3" branch="false" />
            <line number="156" hits="3" branch="false" />
            <line number="157" hits="3" branch="false" />
            <line number="158" hits="3" branch="false" />
            <line number="159" hits="3" branch="false" />
            <line number="160" hits="3" branch="false" />
            <line number="161" hits="3" branch="false" />
            <line number="162" hits="3" branch="false" />
            <line number="163" hits="3" branch="false" />
            <line number="164" hits="3" branch="false" />
            <line number="165" hits="3" branch="false" />
            <line number="166" hits="3" branch="false" />
            <line number="168" hits="1" branch="false" />
            <line number="171" hits="2" branch="false" />
            <line number="172" hits="2" branch="false" />
            <line number="173" hits="2" branch="false" />
            <line number="175" hits="1" branch="false" />
            <line number="179" hits="2" branch="false" />
            <line number="180" hits="2" branch="false" />
            <line number="182" hits="2" branch="false" />
            <line number="183" hits="2" branch="false" />
            <line number="184" hits="2" branch="false" />
            <line number="185" hits="2" branch="false" />
            <line number="186" hits="2" branch="false" />
            <line number="187" hits="2" branch="false" />
            <line number="188" hits="2" branch="false" />
            <line number="189" hits="2" branch="false" />
            <line number="190" hits="2" branch="false" />
            <line number="191" hits="2" branch="false" />
            <line number="192" hits="2" branch="false" />
            <line number="193" hits="1" branch="false" />
            <line number="195" hits="2" branch="false" />
            <line number="196" hits="1" branch="false" />
            <line number="198" hits="1" branch="false" />
            <line number="201" hits="2" branch="false" />
            <line number="204" hits="2" branch="false" />
            <line number="205" hits="2" branch="false" />
            <line number="208" hits="9" branch="true" condition-coverage="100% (2/2)" />
            <line number="209" hits="2" branch="false" />
            <line number="211" hits="2" branch="false" />
            <line number="212" hits="1" branch="false" />
            <line number="213" hits="1" branch="false" />
            <line number="214" hits="1" branch="false" />
            <line number="216" hits="1" branch="false" />
            <line number="218" hits="1" branch="false" />
            <line number="219" hits="1" branch="false" />
            <line number="220" hits="1" branch="false" />
            <line number="222" hits="1" branch="false" />
            <line number="226" hits="2" branch="false" />
            <line number="228" hits="2" branch="false" />
            <line number="229" hits="2" branch="false" />
            <line number="230" hits="2" branch="false" />
            <line number="231" hits="2" branch="false" />
            <line number="232" hits="2" branch="false" />
            <line number="233" hits="2" branch="false" />
            <line number="234" hits="2" branch="false" />
            <line number="235" hits="2" branch="false" />
            <line number="236" hits="2" branch="false" />
            <line number="237" hits="2" branch="false" />
            <line number="238" hits="2" branch="false" />
            <line number="239" hits="2" branch="false" />
            <line number="240" hits="1" branch="false" />
            <line number="242" hits="1" branch="false" />
            <line number="243" hits="1" branch="false" />
            <line number="244" hits="1" branch="false" />
            <line number="246" hits="1" branch="false" />
            <line number="249" hits="5" branch="false" />
            <line number="250" hits="5" branch="false" />
            <line number="253" hits="5" branch="false" />
            <line number="254" hits="5" branch="false" />
            <line number="255" hits="3" branch="true" condition-coverage="100% (2/2)" />
            <line number="256" hits="2" branch="false" />
            <line number="257" hits="3" branch="false" />
            <line number="258" hits="2" branch="false" />
            <line number="259" hits="2" branch="false" />
            <line number="260" hits="2" branch="false" />
            <line number="262" hits="3" branch="false" />
            <line number="263" hits="3" branch="false" />
            <line number="266" hits="3" branch="false" />
            <line number="268" hits="3" branch="false" />
            <line number="269" hits="3" branch="false" />
            <line number="271" hits="4" branch="true" condition-coverage="100% (2/2)" />
            <line number="273" hits="1" branch="false" />
            <line number="275" hits="1" branch="false" />
            <line number="277" hits="4" branch="true" condition-coverage="100% (2/2)" />
            <line number="279" hits="11" branch="true" condition-coverage="100% (2/2)" />
            <line number="281" hits="2" branch="false" />
            <line number="282" hits="2" branch="true" condition-coverage="100% (2/2)" />
            <line number="283" hits="1" branch="false" />
            <line number="284" hits="1" branch="false" />
            <line number="285" hits="1" branch="false" />
            <line number="286" hits="1" branch="false" />
            <line number="289" hits="1" branch="false" />
            <line number="291" hits="1" branch="false" />
            <line number="292" hits="1" branch="false" />
            <line number="294" hits="1" branch="false" />
            <line number="295" hits="1" branch="false" />
            <line number="296" hits="1" branch="false" />
            <line number="298" hits="2" branch="false" />
          </lines>
        </class>
        <class name="ServicesDeskUCABWS.BussinesLogic.DAO.EtiquetaDAO.EtiquetaService" filename="D:\UCABDWSEmpresa2_2022-2023\src\backend\ServicesDeskUCABWS\BussinesLogic\DAO\EtiquetaDAO\EtiquetaService.cs" line-rate="1" branch-rate="1" complexity="4">
          <methods>
            <method name="ConsultaEtiquetas" signature="()" line-rate="1" branch-rate="1" complexity="2">
              <lines>
                <line number="26" hits="3" branch="false" />
                <line number="27" hits="3" branch="false" />
                <line number="28" hits="3" branch="false" />
                <line number="29" hits="2" branch="false" />
                <line number="30" hits="2" branch="true" condition-coverage="100% (2/2)" />
                <line number="31" hits="1" branch="false" />
                <line number="32" hits="1" branch="false" />
                <line number="34" hits="1" branch="false" />
                <line number="35" hits="1" branch="false" />
                <line number="36" hits="1" branch="false" />
                <line number="38" hits="1" branch="false" />
                <line number="39" hits="1" branch="false" />
                <line number="40" hits="1" branch="false" />
                <line number="43" hits="1" branch="false" />
              </lines>
            </method>
            <method name="ConsultarEtiquetaGUID" signature="(...)" line-rate="1" branch-rate="1" complexity="1">
              <lines>
                <line number="47" hits="2" branch="false" />
                <line number="49" hits="2" branch="false" />
                <line number="50" hits="2" branch="false" />
                <line number="51" hits="1" branch="false" />
                <line number="52" hits="1" branch="false" />
                <line number="54" hits="1" branch="false" />
                <line number="55" hits="1" branch="false" />
                <line number="56" hits="1" branch="false" />
                <line number="59" hits="1" branch="false" />
              </lines>
            </method>
            <method name=".ctor" signature="(...)" line-rate="1" branch-rate="1" complexity="1">
              <lines>
                <line number="18" hits="5" branch="false" />
                <line number="19" hits="5" branch="false" />
                <line number="20" hits="5" branch="false" />
                <line number="21" hits="5" branch="false" />
                <line number="22" hits="5" branch="false" />
              </lines>
            </method>
          </methods>
          <lines>
            <line number="18" hits="5" branch="false" />
            <line number="19" hits="5" branch="false" />
            <line number="20" hits="5" branch="false" />
            <line number="21" hits="5" branch="false" />
            <line number="22" hits="5" branch="false" />
            <line number="26" hits="3" branch="false" />
            <line number="27" hits="3" branch="false" />
            <line number="28" hits="3" branch="false" />
            <line number="29" hits="2" branch="false" />
            <line number="30" hits="2" branch="true" condition-coverage="100% (2/2)" />
            <line number="31" hits="1" branch="false" />
            <line number="32" hits="1" branch="false" />
            <line number="34" hits="1" branch="false" />
            <line number="35" hits="1" branch="false" />
            <line number="36" hits="1" branch="false" />
            <line number="38" hits="1" branch="false" />
            <line number="39" hits="1" branch="false" />
            <line number="40" hits="1" branch="false" />
            <line number="43" hits="1" branch="false" />
            <line number="47" hits="2" branch="false" />
            <line number="49" hits="2" branch="false" />
            <line number="50" hits="2" branch="false" />
            <line number="51" hits="1" branch="false" />
            <line number="52" hits="1" branch="false" />
            <line number="54" hits="1" branch="false" />
            <line number="55" hits="1" branch="false" />
            <line number="56" hits="1" branch="false" />
            <line number="59" hits="1" branch="false" />
          </lines>
        </class>
        <class name="ServicesDeskUCABWS.BussinesLogic.DAO.GrupoDAO.GrupoDAO" filename="D:\UCABDWSEmpresa2_2022-2023\src\backend\ServicesDeskUCABWS\BussinesLogic\DAO\GrupoDAO\GrupoDAO.cs" line-rate="0.992481203007519" branch-rate="0.9" complexity="16">
          <methods>
            <method name="AgregarGrupoDao" signature="(...)" line-rate="1" branch-rate="1" complexity="1">
              <lines>
                <line number="32" hits="3" branch="false" />
                <line number="34" hits="3" branch="false" />
                <line number="36" hits="3" branch="false" />
                <line number="37" hits="3" branch="false" />
                <line number="40" hits="3" branch="false" />
                <line number="41" hits="3" branch="false" />
                <line number="42" hits="3" branch="false" />
                <line number="43" hits="3" branch="false" />
                <line number="44" hits="3" branch="false" />
                <line number="45" hits="3" branch="false" />
                <line number="46" hits="3" branch="false" />
                <line number="47" hits="3" branch="false" />
                <line number="48" hits="3" branch="false" />
                <line number="50" hits="1" branch="false" />
                <line number="51" hits="1" branch="false" />
                <line number="52" hits="1" branch="false" />
                <line number="54" hits="2" branch="false" />
              </lines>
            </method>
            <method name="ConsultarGruposDao" signature="()" line-rate="1" branch-rate="1" complexity="1">
              <lines>
                <line number="58" hits="2" branch="false" />
                <line number="60" hits="2" branch="false" />
                <line number="61" hits="2" branch="false" />
                <line number="62" hits="2" branch="false" />
                <line number="63" hits="2" branch="false" />
                <line number="64" hits="2" branch="false" />
                <line number="65" hits="2" branch="false" />
                <line number="66" hits="2" branch="false" />
                <line number="67" hits="2" branch="false" />
                <line number="68" hits="2" branch="false" />
                <line number="69" hits="2" branch="false" />
                <line number="70" hits="2" branch="false" />
                <line number="71" hits="2" branch="false" />
                <line number="72" hits="1" branch="false" />
                <line number="74" hits="1" branch="false" />
                <line number="75" hits="1" branch="false" />
                <line number="76" hits="1" branch="false" />
                <line number="78" hits="1" branch="false" />
              </lines>
            </method>
            <method name="ConsultarPorIdDao" signature="(...)" line-rate="1" branch-rate="1" complexity="1">
              <lines>
                <line number="82" hits="2" branch="false" />
                <line number="84" hits="2" branch="false" />
                <line number="85" hits="2" branch="false" />
                <line number="86" hits="2" branch="false" />
                <line number="88" hits="1" branch="false" />
                <line number="91" hits="1" branch="false" />
                <line number="92" hits="1" branch="false" />
                <line number="93" hits="1" branch="false" />
                <line number="95" hits="1" branch="false" />
              </lines>
            </method>
            <method name="EliminarGrupoDao" signature="(...)" line-rate="1" branch-rate="1" complexity="4">
              <lines>
                <line number="99" hits="2" branch="false" />
                <line number="100" hits="2" branch="false" />
                <line number="103" hits="2" branch="false" />
                <line number="104" hits="2" branch="false" />
                <line number="105" hits="2" branch="false" />
                <line number="107" hits="1" branch="true" condition-coverage="100% (2/2)" />
                <line number="108" hits="1" branch="false" />
                <line number="109" hits="1" branch="false" />
                <line number="110" hits="1" branch="false" />
                <line number="112" hits="1" branch="true" condition-coverage="100% (2/2)" />
                <line number="113" hits="1" branch="false" />
                <line number="114" hits="1" branch="false" />
                <line number="115" hits="1" branch="false" />
                <line number="116" hits="1" branch="false" />
                <line number="117" hits="1" branch="false" />
                <line number="119" hits="1" branch="false" />
                <line number="120" hits="1" branch="false" />
                <line number="121" hits="1" branch="false" />
                <line number="123" hits="1" branch="false" />
              </lines>
            </method>
            <method name="ModificarGrupoDao" signature="(...)" line-rate="1" branch-rate="1" complexity="1">
              <lines>
                <line number="127" hits="3" branch="false" />
                <line number="129" hits="3" branch="false" />
                <line number="131" hits="3" branch="false" />
                <line number="132" hits="3" branch="false" />
                <line number="135" hits="2" branch="false" />
                <line number="136" hits="2" branch="false" />
                <line number="137" hits="2" branch="false" />
                <line number="138" hits="2" branch="false" />
                <line number="139" hits="2" branch="false" />
                <line number="140" hits="2" branch="false" />
                <line number="141" hits="2" branch="false" />
                <line number="142" hits="2" branch="false" />
                <line number="143" hits="2" branch="false" />
                <line number="144" hits="2" branch="false" />
                <line number="145" hits="2" branch="false" />
                <line number="146" hits="2" branch="false" />
                <line number="148" hits="1" branch="false" />
                <line number="149" hits="1" branch="false" />
                <line number="150" hits="1" branch="false" />
                <line number="152" hits="1" branch="false" />
                <line number="153" hits="1" branch="false" />
                <line number="154" hits="1" branch="false" />
                <line number="156" hits="1" branch="false" />
              </lines>
            </method>
            <method name="QuitarAsociacion" signature="(...)" line-rate="0.916666666666667" branch-rate="0.75" complexity="4">
              <lines>
                <line number="160" hits="4" branch="false" />
                <line number="161" hits="4" branch="false" />
                <line number="163" hits="4" branch="true" condition-coverage="50% (1/2)" />
                <line number="164" hits="4" branch="false" />
                <line number="166" hits="16" branch="true" condition-coverage="100% (2/2)" />
                <line number="167" hits="2" branch="false" />
                <line number="168" hits="2" branch="false" />
                <line number="170" hits="2" branch="false" />
                <line number="171" hits="4" branch="false" />
                <line number="172" hits="4" branch="false" />
                <line number="175" hits="0" branch="false" />
                <line number="176" hits="4" branch="false" />
              </lines>
            </method>
            <method name="ConsultarGrupoNoEliminado" signature="()" line-rate="1" branch-rate="1" complexity="1">
              <lines>
                <line number="180" hits="2" branch="false" />
                <line number="182" hits="2" branch="false" />
                <line number="183" hits="2" branch="false" />
                <line number="184" hits="2" branch="false" />
                <line number="185" hits="2" branch="false" />
                <line number="186" hits="2" branch="false" />
                <line number="187" hits="2" branch="false" />
                <line number="188" hits="2" branch="false" />
                <line number="189" hits="2" branch="false" />
                <line number="190" hits="2" branch="false" />
                <line number="191" hits="2" branch="false" />
                <line number="192" hits="2" branch="false" />
                <line number="193" hits="2" branch="false" />
                <line number="194" hits="2" branch="false" />
                <line number="196" hits="1" branch="false" />
                <line number="199" hits="1" branch="false" />
                <line number="200" hits="1" branch="false" />
                <line number="201" hits="1" branch="false" />
                <line number="203" hits="1" branch="false" />
              </lines>
            </method>
            <method name="ExisteGrupo" signature="(...)" line-rate="1" branch-rate="1" complexity="2">
              <lines>
                <line number="206" hits="2" branch="false" />
                <line number="207" hits="2" branch="false" />
                <line number="210" hits="2" branch="false" />
                <line number="211" hits="2" branch="false" />
                <line number="212" hits="1" branch="true" condition-coverage="100% (2/2)" />
                <line number="213" hits="1" branch="false" />
                <line number="214" hits="1" branch="false" />
                <line number="215" hits="1" branch="false" />
                <line number="216" hits="1" branch="false" />
                <line number="217" hits="1" branch="false" />
                <line number="219" hits="1" branch="false" />
                <line number="220" hits="1" branch="false" />
              </lines>
            </method>
            <method name=".ctor" signature="(...)" line-rate="1" branch-rate="1" complexity="1">
              <lines>
                <line number="25" hits="58" branch="false" />
                <line number="26" hits="58" branch="false" />
                <line number="27" hits="58" branch="false" />
                <line number="28" hits="58" branch="false" />
              </lines>
            </method>
          </methods>
          <lines>
            <line number="25" hits="58" branch="false" />
            <line number="26" hits="58" branch="false" />
            <line number="27" hits="58" branch="false" />
            <line number="28" hits="58" branch="false" />
            <line number="32" hits="3" branch="false" />
            <line number="34" hits="3" branch="false" />
            <line number="36" hits="3" branch="false" />
            <line number="37" hits="3" branch="false" />
            <line number="40" hits="3" branch="false" />
            <line number="41" hits="3" branch="false" />
            <line number="42" hits="3" branch="false" />
            <line number="43" hits="3" branch="false" />
            <line number="44" hits="3" branch="false" />
            <line number="45" hits="3" branch="false" />
            <line number="46" hits="3" branch="false" />
            <line number="47" hits="3" branch="false" />
            <line number="48" hits="3" branch="false" />
            <line number="50" hits="1" branch="false" />
            <line number="51" hits="1" branch="false" />
            <line number="52" hits="1" branch="false" />
            <line number="54" hits="2" branch="false" />
            <line number="58" hits="2" branch="false" />
            <line number="60" hits="2" branch="false" />
            <line number="61" hits="2" branch="false" />
            <line number="62" hits="2" branch="false" />
            <line number="63" hits="2" branch="false" />
            <line number="64" hits="2" branch="false" />
            <line number="65" hits="2" branch="false" />
            <line number="66" hits="2" branch="false" />
            <line number="67" hits="2" branch="false" />
            <line number="68" hits="2" branch="false" />
            <line number="69" hits="2" branch="false" />
            <line number="70" hits="2" branch="false" />
            <line number="71" hits="2" branch="false" />
            <line number="72" hits="1" branch="false" />
            <line number="74" hits="1" branch="false" />
            <line number="75" hits="1" branch="false" />
            <line number="76" hits="1" branch="false" />
            <line number="78" hits="1" branch="false" />
            <line number="82" hits="2" branch="false" />
            <line number="84" hits="2" branch="false" />
            <line number="85" hits="2" branch="false" />
            <line number="86" hits="2" branch="false" />
            <line number="88" hits="1" branch="false" />
            <line number="91" hits="1" branch="false" />
            <line number="92" hits="1" branch="false" />
            <line number="93" hits="1" branch="false" />
            <line number="95" hits="1" branch="false" />
            <line number="99" hits="2" branch="false" />
            <line number="100" hits="2" branch="false" />
            <line number="103" hits="2" branch="false" />
            <line number="104" hits="2" branch="false" />
            <line number="105" hits="2" branch="false" />
            <line number="107" hits="1" branch="true" condition-coverage="100% (2/2)" />
            <line number="108" hits="1" branch="false" />
            <line number="109" hits="1" branch="false" />
            <line number="110" hits="1" branch="false" />
            <line number="112" hits="1" branch="true" condition-coverage="100% (2/2)" />
            <line number="113" hits="1" branch="false" />
            <line number="114" hits="1" branch="false" />
            <line number="115" hits="1" branch="false" />
            <line number="116" hits="1" branch="false" />
            <line number="117" hits="1" branch="false" />
            <line number="119" hits="1" branch="false" />
            <line number="120" hits="1" branch="false" />
            <line number="121" hits="1" branch="false" />
            <line number="123" hits="1" branch="false" />
            <line number="127" hits="3" branch="false" />
            <line number="129" hits="3" branch="false" />
            <line number="131" hits="3" branch="false" />
            <line number="132" hits="3" branch="false" />
            <line number="135" hits="2" branch="false" />
            <line number="136" hits="2" branch="false" />
            <line number="137" hits="2" branch="false" />
            <line number="138" hits="2" branch="false" />
            <line number="139" hits="2" branch="false" />
            <line number="140" hits="2" branch="false" />
            <line number="141" hits="2" branch="false" />
            <line number="142" hits="2" branch="false" />
            <line number="143" hits="2" branch="false" />
            <line number="144" hits="2" branch="false" />
            <line number="145" hits="2" branch="false" />
            <line number="146" hits="2" branch="false" />
            <line number="148" hits="1" branch="false" />
            <line number="149" hits="1" branch="false" />
            <line number="150" hits="1" branch="false" />
            <line number="152" hits="1" branch="false" />
            <line number="153" hits="1" branch="false" />
            <line number="154" hits="1" branch="false" />
            <line number="156" hits="1" branch="false" />
            <line number="160" hits="4" branch="false" />
            <line number="161" hits="4" branch="false" />
            <line number="163" hits="4" branch="true" condition-coverage="50% (1/2)" />
            <line number="164" hits="4" branch="false" />
            <line number="166" hits="16" branch="true" condition-coverage="100% (2/2)" />
            <line number="167" hits="2" branch="false" />
            <line number="168" hits="2" branch="false" />
            <line number="170" hits="2" branch="false" />
            <line number="171" hits="4" branch="false" />
            <line number="172" hits="4" branch="false" />
            <line number="175" hits="0" branch="false" />
            <line number="176" hits="4" branch="false" />
            <line number="180" hits="2" branch="false" />
            <line number="182" hits="2" branch="false" />
            <line number="183" hits="2" branch="false" />
            <line number="184" hits="2" branch="false" />
            <line number="185" hits="2" branch="false" />
            <line number="186" hits="2" branch="false" />
            <line number="187" hits="2" branch="false" />
            <line number="188" hits="2" branch="false" />
            <line number="189" hits="2" branch="false" />
            <line number="190" hits="2" branch="false" />
            <line number="191" hits="2" branch="false" />
            <line number="192" hits="2" branch="false" />
            <line number="193" hits="2" branch="false" />
            <line number="194" hits="2" branch="false" />
            <line number="196" hits="1" branch="false" />
            <line number="199" hits="1" branch="false" />
            <line number="200" hits="1" branch="false" />
            <line number="201" hits="1" branch="false" />
            <line number="203" hits="1" branch="false" />
            <line number="206" hits="2" branch="false" />
            <line number="207" hits="2" branch="false" />
            <line number="210" hits="2" branch="false" />
            <line number="211" hits="2" branch="false" />
            <line number="212" hits="1" branch="true" condition-coverage="100% (2/2)" />
            <line number="213" hits="1" branch="false" />
            <line number="214" hits="1" branch="false" />
            <line number="215" hits="1" branch="false" />
            <line number="216" hits="1" branch="false" />
            <line number="217" hits="1" branch="false" />
            <line number="219" hits="1" branch="false" />
            <line number="220" hits="1" branch="false" />
          </lines>
        </class>
        <class name="ServicesDeskUCABWS.BussinesLogic.DAO.NotificacionDAO.NotificacionService" filename="D:\UCABDWSEmpresa2_2022-2023\src\backend\ServicesDeskUCABWS\BussinesLogic\DAO\NotificacionDAO\NotificacionService.cs" line-rate="1" branch-rate="1" complexity="12">
          <methods>
            <method name="ReemplazoEtiqueta" signature="(...)" line-rate="1" branch-rate="1" complexity="10">
              <lines>
                <line number="32" hits="3" branch="false" />
                <line number="33" hits="3" branch="false" />
                <line number="40" hits="3" branch="false" />
                <line number="41" hits="3" branch="true" condition-coverage="100% (2/2)" />
                <line number="42" hits="1" branch="false" />
                <line number="43" hits="1" branch="false" />
                <line number="44" hits="1" branch="false" />
                <line number="45" hits="1" branch="false" />
                <line number="47" hits="1" branch="false" />
                <line number="48" hits="1" branch="false" />
                <line number="49" hits="1" branch="false" />
                <line number="51" hits="2" branch="false" />
                <line number="52" hits="2" branch="true" condition-coverage="100% (2/2)" />
                <line number="53" hits="2" branch="false" />
                <line number="54" hits="2" branch="true" condition-coverage="100% (2/2)" />
                <line number="55" hits="2" branch="false" />
                <line number="56" hits="2" branch="false" />
                <line number="57" hits="2" branch="false" />
                <line number="58" hits="2" branch="false" />
                <line number="60" hits="2" branch="true" condition-coverage="100% (2/2)" />
                <line number="61" hits="2" branch="false" />
                <line number="64" hits="2" branch="false" />
                <line number="65" hits="18" branch="true" condition-coverage="100% (2/2)" />
                <line number="66" hits="6" branch="false" />
                <line number="68" hits="6" branch="false" />
                <line number="69" hits="6" branch="false" />
                <line number="71" hits="2" branch="false" />
                <line number="73" hits="1" branch="false" />
                <line number="74" hits="1" branch="false" />
                <line number="75" hits="1" branch="false" />
                <line number="77" hits="2" branch="false" />
              </lines>
            </method>
            <method name="EnviarCorreo" signature="(...)" line-rate="1" branch-rate="1" complexity="1">
              <lines>
                <line number="81" hits="2" branch="false" />
                <line number="83" hits="2" branch="false" />
                <line number="84" hits="2" branch="false" />
                <line number="85" hits="2" branch="false" />
                <line number="86" hits="2" branch="false" />
                <line number="87" hits="2" branch="false" />
                <line number="88" hits="2" branch="false" />
                <line number="89" hits="2" branch="false" />
                <line number="90" hits="2" branch="false" />
                <line number="91" hits="2" branch="false" />
                <line number="93" hits="2" branch="false" />
                <line number="94" hits="1" branch="false" />
                <line number="95" hits="1" branch="false" />
                <line number="96" hits="1" branch="false" />
                <line number="97" hits="1" branch="false" />
                <line number="98" hits="1" branch="false" />
                <line number="99" hits="1" branch="false" />
                <line number="100" hits="1" branch="false" />
                <line number="101" hits="1" branch="false" />
                <line number="102" hits="1" branch="false" />
                <line number="105" hits="1" branch="false" />
                <line number="106" hits="1" branch="false" />
                <line number="108" hits="1" branch="false" />
                <line number="109" hits="1" branch="false" />
                <line number="110" hits="1" branch="false" />
                <line number="112" hits="1" branch="false" />
              </lines>
            </method>
            <method name=".ctor" signature="(...)" line-rate="1" branch-rate="1" complexity="1">
              <lines>
                <line number="25" hits="5" branch="false" />
                <line number="26" hits="5" branch="false" />
                <line number="27" hits="5" branch="false" />
                <line number="28" hits="5" branch="false" />
              </lines>
            </method>
          </methods>
          <lines>
            <line number="25" hits="5" branch="false" />
            <line number="26" hits="5" branch="false" />
            <line number="27" hits="5" branch="false" />
            <line number="28" hits="5" branch="false" />
            <line number="32" hits="3" branch="false" />
            <line number="33" hits="3" branch="false" />
            <line number="40" hits="3" branch="false" />
            <line number="41" hits="3" branch="true" condition-coverage="100% (2/2)" />
            <line number="42" hits="1" branch="false" />
            <line number="43" hits="1" branch="false" />
            <line number="44" hits="1" branch="false" />
            <line number="45" hits="1" branch="false" />
            <line number="47" hits="1" branch="false" />
            <line number="48" hits="1" branch="false" />
            <line number="49" hits="1" branch="false" />
            <line number="51" hits="2" branch="false" />
            <line number="52" hits="2" branch="true" condition-coverage="100% (2/2)" />
            <line number="53" hits="2" branch="false" />
            <line number="54" hits="2" branch="true" condition-coverage="100% (2/2)" />
            <line number="55" hits="2" branch="false" />
            <line number="56" hits="2" branch="false" />
            <line number="57" hits="2" branch="false" />
            <line number="58" hits="2" branch="false" />
            <line number="60" hits="2" branch="true" condition-coverage="100% (2/2)" />
            <line number="61" hits="2" branch="false" />
            <line number="64" hits="2" branch="false" />
            <line number="65" hits="18" branch="true" condition-coverage="100% (2/2)" />
            <line number="66" hits="6" branch="false" />
            <line number="68" hits="6" branch="false" />
            <line number="69" hits="6" branch="false" />
            <line number="71" hits="2" branch="false" />
            <line number="73" hits="1" branch="false" />
            <line number="74" hits="1" branch="false" />
            <line number="75" hits="1" branch="false" />
            <line number="77" hits="2" branch="false" />
            <line number="81" hits="2" branch="false" />
            <line number="83" hits="2" branch="false" />
            <line number="84" hits="2" branch="false" />
            <line number="85" hits="2" branch="false" />
            <line number="86" hits="2" branch="false" />
            <line number="87" hits="2" branch="false" />
            <line number="88" hits="2" branch="false" />
            <line number="89" hits="2" branch="false" />
            <line number="90" hits="2" branch="false" />
            <line number="91" hits="2" branch="false" />
            <line number="93" hits="2" branch="false" />
            <line number="94" hits="1" branch="false" />
            <line number="95" hits="1" branch="false" />
            <line number="96" hits="1" branch="false" />
            <line number="97" hits="1" branch="false" />
            <line number="98" hits="1" branch="false" />
            <line number="99" hits="1" branch="false" />
            <line number="100" hits="1" branch="false" />
            <line number="101" hits="1" branch="false" />
            <line number="102" hits="1" branch="false" />
            <line number="105" hits="1" branch="false" />
            <line number="106" hits="1" branch="false" />
            <line number="108" hits="1" branch="false" />
            <line number="109" hits="1" branch="false" />
            <line number="110" hits="1" branch="false" />
            <line number="112" hits="1" branch="false" />
          </lines>
        </class>
        <class name="ServicesDeskUCABWS.BussinesLogic.DAO.PlantillaNotificacioneDAO.PlantillaNotificacionService" filename="D:\UCABDWSEmpresa2_2022-2023\src\backend\ServicesDeskUCABWS\BussinesLogic\DAO\PlantillaNotificacionDAO\PlantillaNotificacionService.cs" line-rate="1" branch-rate="1" complexity="10">
          <methods>
            <method name="ConsultaPlantillas" signature="()" line-rate="1" branch-rate="1" complexity="2">
              <lines>
                <line number="33" hits="3" branch="false" />
                <line number="35" hits="3" branch="false" />
                <line number="36" hits="3" branch="false" />
                <line number="37" hits="2" branch="false" />
                <line number="38" hits="2" branch="true" condition-coverage="100% (2/2)" />
                <line number="39" hits="1" branch="false" />
                <line number="40" hits="1" branch="false" />
                <line number="42" hits="1" branch="false" />
                <line number="43" hits="1" branch="false" />
                <line number="44" hits="1" branch="false" />
                <line number="46" hits="1" branch="false" />
                <line number="47" hits="1" branch="false" />
                <line number="48" hits="1" branch="false" />
                <line number="51" hits="1" branch="false" />
              </lines>
            </method>
            <method name="ConsultarPlantillaGUID" signature="(...)" line-rate="1" branch-rate="1" complexity="1">
              <lines>
                <line number="55" hits="2" branch="false" />
                <line number="57" hits="2" branch="false" />
                <line number="58" hits="2" branch="false" />
                <line number="59" hits="1" branch="false" />
                <line number="60" hits="1" branch="false" />
                <line number="62" hits="1" branch="false" />
                <line number="63" hits="1" branch="false" />
                <line number="64" hits="1" branch="false" />
                <line number="67" hits="1" branch="false" />
              </lines>
            </method>
            <method name="ConsultarPlantillaTitulo" signature="(...)" line-rate="1" branch-rate="1" complexity="1">
              <lines>
                <line number="71" hits="2" branch="false" />
                <line number="73" hits="2" branch="false" />
                <line number="74" hits="2" branch="false" />
                <line number="75" hits="1" branch="false" />
                <line number="76" hits="1" branch="false" />
                <line number="77" hits="1" branch="false" />
                <line number="78" hits="1" branch="false" />
                <line number="79" hits="1" branch="false" />
                <line number="81" hits="1" branch="false" />
              </lines>
            </method>
            <method name="ConsultarPlantillaTipoEstadoTitulo" signature="(...)" line-rate="1" branch-rate="1" complexity="1">
              <lines>
                <line number="85" hits="2" branch="false" />
                <line number="87" hits="2" branch="false" />
                <line number="88" hits="2" branch="false" />
                <line number="89" hits="1" branch="false" />
                <line number="90" hits="1" branch="false" />
                <line number="92" hits="1" branch="false" />
                <line number="93" hits="1" branch="false" />
                <line number="94" hits="1" branch="false" />
                <line number="96" hits="1" branch="false" />
              </lines>
            </method>
            <method name="ConsultarPlantillaTipoEstadoID" signature="(...)" line-rate="1" branch-rate="1" complexity="1">
              <lines>
                <line number="100" hits="3" branch="false" />
                <line number="102" hits="3" branch="false" />
                <line number="103" hits="3" branch="false" />
                <line number="104" hits="1" branch="false" />
                <line number="105" hits="1" branch="false" />
                <line number="107" hits="1" branch="false" />
                <line number="108" hits="1" branch="false" />
                <line number="109" hits="1" branch="false" />
                <line number="111" hits="1" branch="false" />
                <line number="112" hits="1" branch="false" />
                <line number="113" hits="1" branch="false" />
                <line number="115" hits="1" branch="false" />
              </lines>
            </method>
            <method name="RegistroPlantilla" signature="(...)" line-rate="1" branch-rate="1" complexity="1">
              <lines>
                <line number="119" hits="3" branch="false" />
                <line number="121" hits="3" branch="false" />
                <line number="122" hits="3" branch="false" />
                <line number="123" hits="3" branch="false" />
                <line number="124" hits="2" branch="false" />
                <line number="125" hits="2" branch="false" />
                <line number="141" hits="1" branch="false" />
                <line number="143" hits="1" branch="false" />
                <line number="144" hits="1" branch="false" />
                <line number="145" hits="1" branch="false" />
                <line number="147" hits="1" branch="false" />
                <line number="148" hits="1" branch="false" />
                <line number="149" hits="1" branch="false" />
                <line number="151" hits="1" branch="false" />
              </lines>
            </method>
            <method name="ActualizarPlantilla" signature="(...)" line-rate="1" branch-rate="1" complexity="1">
              <lines>
                <line number="155" hits="3" branch="false" />
                <line number="157" hits="3" branch="false" />
                <line number="158" hits="3" branch="false" />
                <line number="159" hits="3" branch="false" />
                <line number="160" hits="2" branch="false" />
                <line number="161" hits="2" branch="false" />
                <line number="162" hits="1" branch="false" />
                <line number="164" hits="1" branch="false" />
                <line number="165" hits="1" branch="false" />
                <line number="166" hits="1" branch="false" />
                <line number="168" hits="1" branch="false" />
                <line number="169" hits="1" branch="false" />
                <line number="170" hits="1" branch="false" />
                <line number="172" hits="1" branch="false" />
              </lines>
            </method>
            <method name="EliminarPlantilla" signature="(...)" line-rate="1" branch-rate="1" complexity="1">
              <lines>
                <line number="176" hits="3" branch="false" />
                <line number="178" hits="3" branch="false" />
                <line number="179" hits="3" branch="false" />
                <line number="180" hits="1" branch="false" />
                <line number="181" hits="1" branch="false" />
                <line number="183" hits="1" branch="false" />
                <line number="184" hits="1" branch="false" />
                <line number="185" hits="1" branch="false" />
                <line number="187" hits="1" branch="false" />
                <line number="188" hits="1" branch="false" />
                <line number="189" hits="1" branch="false" />
                <line number="192" hits="1" branch="false" />
              </lines>
            </method>
            <method name=".ctor" signature="(...)" line-rate="1" branch-rate="1" complexity="1">
              <lines>
                <line number="23" hits="21" branch="false" />
                <line number="24" hits="21" branch="false" />
                <line number="25" hits="21" branch="false" />
                <line number="26" hits="21" branch="false" />
                <line number="27" hits="21" branch="false" />
                <line number="29" hits="21" branch="false" />
              </lines>
            </method>
          </methods>
          <lines>
            <line number="23" hits="21" branch="false" />
            <line number="24" hits="21" branch="false" />
            <line number="25" hits="21" branch="false" />
            <line number="26" hits="21" branch="false" />
            <line number="27" hits="21" branch="false" />
            <line number="29" hits="21" branch="false" />
            <line number="33" hits="3" branch="false" />
            <line number="35" hits="3" branch="false" />
            <line number="36" hits="3" branch="false" />
            <line number="37" hits="2" branch="false" />
            <line number="38" hits="2" branch="true" condition-coverage="100% (2/2)" />
            <line number="39" hits="1" branch="false" />
            <line number="40" hits="1" branch="false" />
            <line number="42" hits="1" branch="false" />
            <line number="43" hits="1" branch="false" />
            <line number="44" hits="1" branch="false" />
            <line number="46" hits="1" branch="false" />
            <line number="47" hits="1" branch="false" />
            <line number="48" hits="1" branch="false" />
            <line number="51" hits="1" branch="false" />
            <line number="55" hits="2" branch="false" />
            <line number="57" hits="2" branch="false" />
            <line number="58" hits="2" branch="false" />
            <line number="59" hits="1" branch="false" />
            <line number="60" hits="1" branch="false" />
            <line number="62" hits="1" branch="false" />
            <line number="63" hits="1" branch="false" />
            <line number="64" hits="1" branch="false" />
            <line number="67" hits="1" branch="false" />
            <line number="71" hits="2" branch="false" />
            <line number="73" hits="2" branch="false" />
            <line number="74" hits="2" branch="false" />
            <line number="75" hits="1" branch="false" />
            <line number="76" hits="1" branch="false" />
            <line number="77" hits="1" branch="false" />
            <line number="78" hits="1" branch="false" />
            <line number="79" hits="1" branch="false" />
            <line number="81" hits="1" branch="false" />
            <line number="85" hits="2" branch="false" />
            <line number="87" hits="2" branch="false" />
            <line number="88" hits="2" branch="false" />
            <line number="89" hits="1" branch="false" />
            <line number="90" hits="1" branch="false" />
            <line number="92" hits="1" branch="false" />
            <line number="93" hits="1" branch="false" />
            <line number="94" hits="1" branch="false" />
            <line number="96" hits="1" branch="false" />
            <line number="100" hits="3" branch="false" />
            <line number="102" hits="3" branch="false" />
            <line number="103" hits="3" branch="false" />
            <line number="104" hits="1" branch="false" />
            <line number="105" hits="1" branch="false" />
            <line number="107" hits="1" branch="false" />
            <line number="108" hits="1" branch="false" />
            <line number="109" hits="1" branch="false" />
            <line number="111" hits="1" branch="false" />
            <line number="112" hits="1" branch="false" />
            <line number="113" hits="1" branch="false" />
            <line number="115" hits="1" branch="false" />
            <line number="119" hits="3" branch="false" />
            <line number="121" hits="3" branch="false" />
            <line number="122" hits="3" branch="false" />
            <line number="123" hits="3" branch="false" />
            <line number="124" hits="2" branch="false" />
            <line number="125" hits="2" branch="false" />
            <line number="141" hits="1" branch="false" />
            <line number="143" hits="1" branch="false" />
            <line number="144" hits="1" branch="false" />
            <line number="145" hits="1" branch="false" />
            <line number="147" hits="1" branch="false" />
            <line number="148" hits="1" branch="false" />
            <line number="149" hits="1" branch="false" />
            <line number="151" hits="1" branch="false" />
            <line number="155" hits="3" branch="false" />
            <line number="157" hits="3" branch="false" />
            <line number="158" hits="3" branch="false" />
            <line number="159" hits="3" branch="false" />
            <line number="160" hits="2" branch="false" />
            <line number="161" hits="2" branch="false" />
            <line number="162" hits="1" branch="false" />
            <line number="164" hits="1" branch="false" />
            <line number="165" hits="1" branch="false" />
            <line number="166" hits="1" branch="false" />
            <line number="168" hits="1" branch="false" />
            <line number="169" hits="1" branch="false" />
            <line number="170" hits="1" branch="false" />
            <line number="172" hits="1" branch="false" />
            <line number="176" hits="3" branch="false" />
            <line number="178" hits="3" branch="false" />
            <line number="179" hits="3" branch="false" />
            <line number="180" hits="1" branch="false" />
            <line number="181" hits="1" branch="false" />
            <line number="183" hits="1" branch="false" />
            <line number="184" hits="1" branch="false" />
            <line number="185" hits="1" branch="false" />
            <line number="187" hits="1" branch="false" />
            <line number="188" hits="1" branch="false" />
            <line number="189" hits="1" branch="false" />
            <line number="192" hits="1" branch="false" />
          </lines>
        </class>
        <class name="ServicesDeskUCABWS.BussinesLogic.DAO.TipoEstadoDAO.TipoEstadoService" filename="D:\UCABDWSEmpresa2_2022-2023\src\backend\ServicesDeskUCABWS\BussinesLogic\DAO\TipoEstadoDAO\TipoEstadoService.cs" line-rate="1" branch-rate="1" complexity="15">
          <methods>
            <method name="ConsultaTipoEstados" signature="()" line-rate="1" branch-rate="1" complexity="2">
              <lines>
                <line number="31" hits="3" branch="false" />
                <line number="33" hits="3" branch="false" />
                <line number="34" hits="3" branch="false" />
                <line number="35" hits="2" branch="false" />
                <line number="36" hits="2" branch="true" condition-coverage="100% (2/2)" />
                <line number="37" hits="1" branch="false" />
                <line number="38" hits="1" branch="false" />
                <line number="40" hits="1" branch="false" />
                <line number="41" hits="1" branch="false" />
                <line number="42" hits="1" branch="false" />
                <line number="44" hits="1" branch="false" />
                <line number="45" hits="1" branch="false" />
                <line number="46" hits="1" branch="false" />
                <line number="48" hits="1" branch="false" />
              </lines>
            </method>
            <method name="ConsultarTipoEstadoGUID" signature="(...)" line-rate="1" branch-rate="1" complexity="1">
              <lines>
                <line number="52" hits="2" branch="false" />
                <line number="54" hits="2" branch="false" />
                <line number="55" hits="2" branch="false" />
                <line number="56" hits="1" branch="false" />
                <line number="57" hits="1" branch="false" />
                <line number="59" hits="1" branch="false" />
                <line number="60" hits="1" branch="false" />
                <line number="61" hits="1" branch="false" />
                <line number="64" hits="1" branch="false" />
              </lines>
            </method>
            <method name="ConsultarTipoEstadoTitulo" signature="(...)" line-rate="1" branch-rate="1" complexity="1">
              <lines>
                <line number="68" hits="2" branch="false" />
                <line number="70" hits="2" branch="false" />
                <line number="71" hits="2" branch="false" />
                <line number="72" hits="1" branch="false" />
                <line number="73" hits="1" branch="false" />
                <line number="75" hits="1" branch="false" />
                <line number="76" hits="1" branch="false" />
                <line number="77" hits="1" branch="false" />
                <line number="79" hits="1" branch="false" />
              </lines>
            </method>
            <method name="RegistroTipoEstado" signature="(...)" line-rate="1" branch-rate="1" complexity="4">
              <lines>
                <line number="83" hits="4" branch="false" />
                <line number="85" hits="4" branch="false" />
                <line number="86" hits="4" branch="false" />
                <line number="87" hits="4" branch="false" />
                <line number="88" hits="4" branch="false" />
                <line number="91" hits="3" branch="true" condition-coverage="100% (4/4)" />
                <line number="92" hits="2" branch="false" />
                <line number="94" hits="3" branch="false" />
                <line number="96" hits="3" branch="false" />
                <line number="97" hits="1" branch="false" />
                <line number="99" hits="1" branch="false" />
                <line number="100" hits="1" branch="false" />
                <line number="101" hits="1" branch="false" />
                <line number="103" hits="1" branch="false" />
                <line number="104" hits="1" branch="false" />
                <line number="105" hits="1" branch="false" />
                <line number="107" hits="1" branch="false" />
                <line number="108" hits="1" branch="false" />
                <line number="109" hits="1" branch="false" />
                <line number="111" hits="1" branch="false" />
              </lines>
            </method>
            <method name="ActualizarTipoEstado" signature="(...)" line-rate="1" branch-rate="1" complexity="2">
              <lines>
                <line number="115" hits="4" branch="false" />
                <line number="117" hits="4" branch="false" />
                <line number="119" hits="4" branch="false" />
                <line number="120" hits="3" branch="false" />
                <line number="122" hits="3" branch="true" condition-coverage="100% (2/2)" />
                <line number="123" hits="2" branch="false" />
                <line number="125" hits="3" branch="false" />
                <line number="126" hits="3" branch="false" />
                <line number="127" hits="3" branch="false" />
                <line number="128" hits="3" branch="false" />
                <line number="129" hits="1" branch="false" />
                <line number="131" hits="1" branch="false" />
                <line number="132" hits="1" branch="false" />
                <line number="133" hits="1" branch="false" />
                <line number="139" hits="1" branch="false" />
                <line number="140" hits="1" branch="false" />
                <line number="141" hits="1" branch="false" />
                <line number="143" hits="1" branch="false" />
                <line number="144" hits="1" branch="false" />
                <line number="145" hits="1" branch="false" />
                <line number="148" hits="1" branch="false" />
              </lines>
            </method>
            <method name="EliminarTipoEstado" signature="(...)" line-rate="1" branch-rate="1" complexity="2">
              <lines>
                <line number="152" hits="3" branch="false" />
                <line number="154" hits="3" branch="false" />
                <line number="156" hits="3" branch="false" />
                <line number="157" hits="3" branch="true" condition-coverage="100% (2/2)" />
                <line number="158" hits="3" branch="false" />
                <line number="159" hits="3" branch="false" />
                <line number="160" hits="3" branch="false" />
                <line number="161" hits="3" branch="false" />
                <line number="162" hits="3" branch="false" />
                <line number="163" hits="3" branch="false" />
                <line number="164" hits="3" branch="false" />
                <line number="165" hits="1" branch="false" />
                <line number="167" hits="1" branch="false" />
                <line number="168" hits="1" branch="false" />
                <line number="169" hits="1" branch="false" />
                <line number="171" hits="1" branch="false" />
                <line number="172" hits="1" branch="false" />
                <line number="173" hits="1" branch="false" />
                <line number="176" hits="1" branch="false" />
              </lines>
            </method>
            <method name="AñadirRelacionEtiquetaTipoEstado" signature="(...)" line-rate="1" branch-rate="1" complexity="2">
              <lines>
                <line number="179" hits="5" branch="false" />
                <line number="181" hits="5" branch="false" />
                <line number="182" hits="5" branch="false" />
                <line number="183" hits="22" branch="true" condition-coverage="100% (2/2)" />
                <line number="184" hits="4" branch="false" />
                <line number="185" hits="4" branch="false" />
                <line number="186" hits="4" branch="false" />
                <line number="188" hits="4" branch="false" />
                <line number="189" hits="4" branch="false" />
                <line number="191" hits="4" branch="false" />
                <line number="192" hits="4" branch="false" />
                <line number="194" hits="1" branch="false" />
                <line number="195" hits="1" branch="false" />
                <line number="196" hits="1" branch="false" />
                <line number="199" hits="4" branch="false" />
              </lines>
            </method>
            <method name=".ctor" signature="(...)" line-rate="1" branch-rate="1" complexity="1">
              <lines>
                <line number="21" hits="19" branch="false" />
                <line number="22" hits="19" branch="false" />
                <line number="23" hits="19" branch="false" />
                <line number="24" hits="19" branch="false" />
                <line number="27" hits="19" branch="false" />
              </lines>
            </method>
          </methods>
          <lines>
            <line number="21" hits="19" branch="false" />
            <line number="22" hits="19" branch="false" />
            <line number="23" hits="19" branch="false" />
            <line number="24" hits="19" branch="false" />
            <line number="27" hits="19" branch="false" />
            <line number="31" hits="3" branch="false" />
            <line number="33" hits="3" branch="false" />
            <line number="34" hits="3" branch="false" />
            <line number="35" hits="2" branch="false" />
            <line number="36" hits="2" branch="true" condition-coverage="100% (2/2)" />
            <line number="37" hits="1" branch="false" />
            <line number="38" hits="1" branch="false" />
            <line number="40" hits="1" branch="false" />
            <line number="41" hits="1" branch="false" />
[...]
                <line number="320" hits="1" branch="false" />
                <line number="321" hits="1" branch="false" />
                <line number="322" hits="1" branch="false" />
                <line number="323" hits="1" branch="false" />
                <line number="324" hits="1" branch="false" />
                <line number="325" hits="1" branch="false" />
                <line number="327" hits="1" branch="false" />
                <line number="329" hits="1" branch="false" />
                <line number="331" hits="1" branch="false" />
                <line number="332" hits="1" branch="false" />
              </lines>
            </method>
            <method name="ExcepcionMostrarGrupoNoEliminados" signature="()" line-rate="1" branch-rate="1" complexity="1">
              <lines>
                <line number="336" hits="1" branch="false" />
                <line number="337" hits="1" branch="false" />
                <line number="338" hits="2" branch="false" />
                <line number="339" hits="1" branch="false" />
              </lines>
            </method>
            <method name="ExisteGrupo" signature="()" line-rate="1" branch-rate="1" complexity="1">
              <lines>
                <line number="343" hits="1" branch="false" />
                <line number="344" hits="1" branch="false" />
                <line number="345" hits="1" branch="false" />
                <line number="346" hits="1" branch="false" />
                <line number="347" hits="1" branch="false" />
                <line number="348" hits="1" branch="false" />
                <line number="349" hits="1" branch="false" />
                <line number="350" hits="1" branch="false" />
                <line number="351" hits="1" branch="false" />
                <line number="352" hits="1" branch="false" />
                <line number="353" hits="1" branch="false" />
                <line number="354" hits="1" branch="false" />
                <line number="355" hits="1" branch="false" />
                <line number="356" hits="1" branch="false" />
                <line number="357" hits="1" branch="false" />
                <line number="358" hits="1" branch="false" />
                <line number="359" hits="1" branch="false" />
                <line number="361" hits="1" branch="false" />
                <line number="362" hits="1" branch="false" />
                <line number="363" hits="1" branch="false" />
                <line number="364" hits="1" branch="false" />
              </lines>
            </method>
            <method name="ExcepcionExisteGrupo" signature="()" line-rate="1" branch-rate="1" complexity="1">
              <lines>
                <line number="368" hits="1" branch="false" />
                <line number="370" hits="1" branch="false" />
                <line number="371" hits="1" branch="false" />
                <line number="372" hits="1" branch="false" />
                <line number="373" hits="1" branch="false" />
                <line number="374" hits="1" branch="false" />
                <line number="375" hits="1" branch="false" />
                <line number="376" hits="1" branch="false" />
                <line number="377" hits="1" branch="false" />
                <line number="378" hits="1" branch="false" />
                <line number="379" hits="1" branch="false" />
                <line number="380" hits="1" branch="false" />
                <line number="381" hits="1" branch="false" />
                <line number="382" hits="1" branch="false" />
                <line number="383" hits="1" branch="false" />
                <line number="384" hits="1" branch="false" />
                <line number="385" hits="1" branch="false" />
                <line number="386" hits="1" branch="false" />
                <line number="387" hits="2" branch="false" />
                <line number="388" hits="1" branch="false" />
              </lines>
            </method>
            <method name=".ctor" signature="()" line-rate="1" branch-rate="1" complexity="1">
              <lines>
                <line number="27" hits="16" branch="false" />
                <line number="28" hits="16" branch="false" />
                <line number="29" hits="16" branch="false" />
                <line number="30" hits="16" branch="false" />
                <line number="31" hits="16" branch="false" />
                <line number="32" hits="16" branch="false" />
                <line number="34" hits="16" branch="false" />
                <line number="35" hits="16" branch="false" />
                <line number="36" hits="16" branch="false" />
              </lines>
            </method>
          </methods>
          <lines>
            <line number="27" hits="16" branch="false" />
            <line number="28" hits="16" branch="false" />
            <line number="29" hits="16" branch="false" />
            <line number="30" hits="16" branch="false" />
            <line number="31" hits="16" branch="false" />
            <line number="32" hits="16" branch="false" />
            <line number="34" hits="16" branch="false" />
            <line number="35" hits="16" branch="false" />
            <line number="36" hits="16" branch="false" />
            <line number="40" hits="1" branch="false" />
            <line number="42" hits="1" branch="false" />
            <line number="43" hits="1" branch="false" />
            <line number="44" hits="1" branch="false" />
            <line number="45" hits="1" branch="false" />
            <line number="46" hits="1" branch="false" />
            <line number="47" hits="1" branch="false" />
            <line number="48" hits="1" branch="false" />
            <line number="49" hits="1" branch="false" />
            <line number="50" hits="1" branch="false" />
            <line number="51" hits="1" branch="false" />
            <line number="52" hits="1" branch="false" />
            <line number="53" hits="1" branch="false" />
            <line number="54" hits="1" branch="false" />
            <line number="55" hits="1" branch="false" />
            <line number="56" hits="1" branch="false" />
            <line number="58" hits="1" branch="false" />
            <line number="60" hits="1" branch="false" />
            <line number="62" hits="1" branch="false" />
            <line number="63" hits="1" branch="false" />
            <line number="67" hits="1" branch="false" />
            <line number="69" hits="1" branch="false" />
            <line number="70" hits="1" branch="false" />
            <line number="71" hits="1" branch="false" />
            <line number="72" hits="1" branch="false" />
            <line number="73" hits="1" branch="false" />
            <line number="74" hits="1" branch="false" />
            <line number="75" hits="1" branch="false" />
            <line number="76" hits="1" branch="false" />
            <line number="77" hits="1" branch="false" />
            <line number="78" hits="1" branch="false" />
            <line number="79" hits="1" branch="false" />
            <line number="80" hits="1" branch="false" />
            <line number="81" hits="1" branch="false" />
            <line number="82" hits="1" branch="false" />
            <line number="83" hits="1" branch="false" />
            <line number="85" hits="1" branch="false" />
            <line number="87" hits="1" branch="false" />
            <line number="89" hits="1" branch="false" />
            <line number="90" hits="1" branch="false" />
            <line number="94" hits="1" branch="false" />
            <line number="95" hits="1" branch="false" />
            <line number="96" hits="1" branch="false" />
            <line number="97" hits="1" branch="false" />
            <line number="98" hits="1" branch="false" />
            <line number="99" hits="1" branch="false" />
            <line number="100" hits="1" branch="false" />
            <line number="101" hits="1" branch="false" />
            <line number="102" hits="1" branch="false" />
            <line number="103" hits="1" branch="false" />
            <line number="104" hits="1" branch="false" />
            <line number="105" hits="1" branch="false" />
            <line number="106" hits="1" branch="false" />
            <line number="107" hits="1" branch="false" />
            <line number="108" hits="1" branch="false" />
            <line number="109" hits="1" branch="false" />
            <line number="111" hits="1" branch="false" />
            <line number="112" hits="2" branch="false" />
            <line number="113" hits="1" branch="false" />
            <line number="117" hits="1" branch="false" />
            <line number="118" hits="1" branch="false" />
            <line number="119" hits="1" branch="false" />
            <line number="120" hits="1" branch="false" />
            <line number="124" hits="1" branch="false" />
            <line number="125" hits="1" branch="false" />
            <line number="126" hits="2" branch="false" />
            <line number="127" hits="1" branch="false" />
            <line number="131" hits="1" branch="false" />
            <line number="132" hits="1" branch="false" />
            <line number="133" hits="1" branch="false" />
            <line number="134" hits="1" branch="false" />
            <line number="135" hits="1" branch="false" />
            <line number="136" hits="1" branch="false" />
            <line number="137" hits="1" branch="false" />
            <line number="138" hits="1" branch="false" />
            <line number="139" hits="1" branch="false" />
            <line number="140" hits="1" branch="false" />
            <line number="141" hits="1" branch="false" />
            <line number="142" hits="1" branch="false" />
            <line number="143" hits="1" branch="false" />
            <line number="144" hits="1" branch="false" />
            <line number="145" hits="1" branch="false" />
            <line number="146" hits="1" branch="false" />
            <line number="148" hits="1" branch="false" />
            <line number="149" hits="1" branch="false" />
            <line number="150" hits="1" branch="false" />
            <line number="154" hits="1" branch="false" />
            <line number="155" hits="1" branch="false" />
            <line number="156" hits="1" branch="false" />
            <line number="157" hits="1" branch="false" />
            <line number="158" hits="1" branch="false" />
            <line number="159" hits="1" branch="false" />
            <line number="160" hits="1" branch="false" />
            <line number="161" hits="1" branch="false" />
            <line number="162" hits="1" branch="false" />
            <line number="163" hits="1" branch="false" />
            <line number="164" hits="1" branch="false" />
            <line number="165" hits="1" branch="false" />
            <line number="166" hits="1" branch="false" />
            <line number="167" hits="1" branch="false" />
            <line number="168" hits="1" branch="false" />
            <line number="169" hits="1" branch="false" />
            <line number="171" hits="1" branch="false" />
            <line number="172" hits="2" branch="false" />
            <line number="173" hits="1" branch="false" />
            <line number="177" hits="1" branch="false" />
            <line number="178" hits="1" branch="false" />
            <line number="179" hits="1" branch="false" />
            <line number="180" hits="1" branch="false" />
            <line number="181" hits="1" branch="false" />
            <line number="182" hits="1" branch="false" />
            <line number="183" hits="1" branch="false" />
            <line number="185" hits="1" branch="false" />
            <line number="186" hits="1" branch="false" />
            <line number="187" hits="1" branch="false" />
            <line number="188" hits="1" branch="false" />
            <line number="189" hits="1" branch="false" />
            <line number="193" hits="1" branch="false" />
            <line number="194" hits="1" branch="false" />
            <line number="195" hits="1" branch="false" />
            <line number="196" hits="1" branch="false" />
            <line number="197" hits="1" branch="false" />
            <line number="198" hits="1" branch="false" />
            <line number="200" hits="1" branch="false" />
            <line number="201" hits="2" branch="false" />
            <line number="202" hits="1" branch="false" />
            <line number="206" hits="1" branch="false" />
            <line number="208" hits="1" branch="false" />
            <line number="209" hits="1" branch="false" />
            <line number="210" hits="1" branch="false" />
            <line number="211" hits="1" branch="false" />
            <line number="212" hits="1" branch="false" />
            <line number="213" hits="1" branch="false" />
            <line number="214" hits="1" branch="false" />
            <line number="215" hits="1" branch="false" />
            <line number="216" hits="1" branch="false" />
            <line number="217" hits="1" branch="false" />
            <line number="218" hits="1" branch="false" />
            <line number="219" hits="1" branch="false" />
            <line number="220" hits="1" branch="false" />
            <line number="221" hits="1" branch="false" />
            <line number="222" hits="1" branch="false" />
            <line number="223" hits="1" branch="false" />
            <line number="225" hits="1" branch="false" />
            <line number="227" hits="1" branch="false" />
            <line number="229" hits="1" branch="false" />
            <line number="230" hits="1" branch="false" />
            <line number="262" hits="1" branch="false" />
            <line number="263" hits="1" branch="false" />
            <line number="264" hits="1" branch="false" />
            <line number="265" hits="1" branch="false" />
            <line number="266" hits="1" branch="false" />
            <line number="267" hits="1" branch="false" />
            <line number="268" hits="1" branch="false" />
            <line number="269" hits="1" branch="false" />
            <line number="270" hits="1" branch="false" />
            <line number="271" hits="1" branch="false" />
            <line number="272" hits="1" branch="false" />
            <line number="273" hits="1" branch="false" />
            <line number="274" hits="1" branch="false" />
            <line number="275" hits="1" branch="false" />
            <line number="276" hits="1" branch="false" />
            <line number="277" hits="1" branch="false" />
            <line number="278" hits="1" branch="false" />
            <line number="279" hits="1" branch="false" />
            <line number="280" hits="2" branch="false" />
            <line number="281" hits="1" branch="false" />
            <line number="285" hits="1" branch="false" />
            <line number="286" hits="1" branch="false" />
            <line number="287" hits="1" branch="false" />
            <line number="288" hits="1" branch="false" />
            <line number="289" hits="1" branch="false" />
            <line number="290" hits="1" branch="false" />
            <line number="291" hits="1" branch="false" />
            <line number="292" hits="1" branch="false" />
            <line number="293" hits="1" branch="false" />
            <line number="294" hits="1" branch="false" />
            <line number="295" hits="1" branch="false" />
            <line number="296" hits="1" branch="false" />
            <line number="297" hits="1" branch="false" />
            <line number="298" hits="1" branch="false" />
            <line number="299" hits="1" branch="false" />
            <line number="300" hits="1" branch="false" />
            <line number="301" hits="1" branch="false" />
            <line number="303" hits="1" branch="false" />
            <line number="304" hits="2" branch="false" />
            <line number="305" hits="1" branch="false" />
            <line number="309" hits="1" branch="false" />
            <line number="310" hits="1" branch="false" />
            <line number="311" hits="1" branch="false" />
            <line number="312" hits="1" branch="false" />
            <line number="313" hits="1" branch="false" />
            <line number="314" hits="1" branch="false" />
            <line number="315" hits="1" branch="false" />
            <line number="316" hits="1" branch="false" />
            <line number="317" hits="1" branch="false" />
            <line number="318" hits="1" branch="false" />
            <line number="319" hits="1" branch="false" />
            <line number="320" hits="1" branch="false" />
            <line number="321" hits="1" branch="false" />
            <line number="322" hits="1" branch="false" />
            <line number="323" hits="1" branch="false" />
            <line number="324" hits="1" branch="false" />
            <line number="325" hits="1" branch="false" />
            <line number="327" hits="1" branch="false" />
            <line number="329" hits="1" branch="false" />
            <line number="331" hits="1" branch="false" />
            <line number="332" hits="1" branch="false" />
            <line number="336" hits="1" branch="false" />
            <line number="337" hits="1" branch="false" />
            <line number="338" hits="2" branch="false" />
            <line number="339" hits="1" branch="false" />
            <line number="343" hits="1" branch="false" />
            <line number="344" hits="1" branch="false" />
            <line number="345" hits="1" branch="false" />
            <line number="346" hits="1" branch="false" />
            <line number="347" hits="1" branch="false" />
            <line number="348" hits="1" branch="false" />
            <line number="349" hits="1" branch="false" />
            <line number="350" hits="1" branch="false" />
            <line number="351" hits="1" branch="false" />
            <line number="352" hits="1" branch="false" />
            <line number="353" hits="1" branch="false" />
            <line number="354" hits="1" branch="false" />
            <line number="355" hits="1" branch="false" />
            <line number="356" hits="1" branch="false" />
            <line number="357" hits="1" branch="false" />
            <line number="358" hits="1" branch="false" />
            <line number="359" hits="1" branch="false" />
            <line number="361" hits="1" branch="false" />
            <line number="362" hits="1" branch="false" />
            <line number="363" hits="1" branch="false" />
            <line number="364" hits="1" branch="false" />
            <line number="368" hits="1" branch="false" />
            <line number="370" hits="1" branch="false" />
            <line number="371" hits="1" branch="false" />
            <line number="372" hits="1" branch="false" />
            <line number="373" hits="1" branch="false" />
            <line number="374" hits="1" branch="false" />
            <line number="375" hits="1" branch="false" />
            <line number="376" hits="1" branch="false" />
            <line number="377" hits="1" branch="false" />
            <line number="378" hits="1" branch="false" />
            <line number="379" hits="1" branch="false" />
            <line number="380" hits="1" branch="false" />
            <line number="381" hits="1" branch="false" />
            <line number="382" hits="1" branch="false" />
            <line number="383" hits="1" branch="false" />
            <line number="384" hits="1" branch="false" />
            <line number="385" hits="1" branch="false" />
            <line number="386" hits="1" branch="false" />
            <line number="387" hits="2" branch="false" />
            <line number="388" hits="1" branch="false" />
          </lines>
        </class>
      </classes>
    </package>
  </packages>
</coverage>