<?xml version="1.0" encoding="utf-8"?>
<coverage line-rate="0.8305" branch-rate="0.9423" version="1.9" timestamp="1669422417" lines-covered="3813" lines-valid="4591" branches-covered="49" branches-valid="52">
  <sources>
    <source>D:\UCABDWSEmpresa2_2022-2023\src\backend\</source>
    <source>C:\</source>
  </sources>
  <packages>
    <package name="ServicesDeskUCABWS" line-rate="0.6293" branch-rate="0.9423" complexity="416">
      <classes>
        <class name="ServicesDeskUCABWS.Program" filename="ServicesDeskUCABWS\Program.cs" line-rate="0" branch-rate="1" complexity="2">
          <methods>
            <method name="Main" signature="(System.String[])" line-rate="0" branch-rate="1" complexity="1">
              <lines>
                <line number="15" hits="0" branch="False" />
                <line number="16" hits="0" branch="False" />
                <line number="17" hits="0" branch="False" />
              </lines>
            </method>
            <method name="CreateHostBuilder" signature="(System.String[])" line-rate="0" branch-rate="1" complexity="1">
              <lines>
                <line number="20" hits="0" branch="False" />
                <line number="21" hits="0" branch="False" />
                <line number="22" hits="0" branch="False" />
                <line number="23" hits="0" branch="False" />
                <line number="24" hits="0" branch="False" />
              </lines>
            </method>
          </methods>
          <lines>
            <line number="15" hits="0" branch="False" />
            <line number="16" hits="0" branch="False" />
            <line number="17" hits="0" branch="False" />
            <line number="20" hits="0" branch="False" />
            <line number="21" hits="0" branch="False" />
            <line number="22" hits="0" branch="False" />
            <line number="23" hits="0" branch="False" />
            <line number="24" hits="0" branch="False" />
          </lines>
        </class>
        <class name="ServicesDeskUCABWS.Startup" filename="ServicesDeskUCABWS\Startup.cs" line-rate="0" branch-rate="0" complexity="5">
          <methods>
            <method name="get_Configuration" signature="()" line-rate="0" branch-rate="1" complexity="1">
              <lines>
                <line number="38" hits="0" branch="False" />
              </lines>
            </method>
            <method name="ConfigureServices" signature="(Microsoft.Extensions.DependencyInjection.IServiceCollection)" line-rate="0" branch-rate="1" complexity="1">
              <lines>
                <line number="44" hits="0" branch="False" />
                <line number="46" hits="0" branch="False" />
                <line number="47" hits="0" branch="False" />
                <line number="49" hits="0" branch="False" />
                <line number="50" hits="0" branch="False" />
                <line number="51" hits="0" branch="False" />
                <line number="53" hits="0" branch="False" />
                <line number="54" hits="0" branch="False" />
                <line number="56" hits="0" branch="False" />
                <line number="57" hits="0" branch="False" />
                <line number="58" hits="0" branch="False" />
                <line number="62" hits="0" branch="False" />
                <line number="63" hits="0" branch="False" />
                <line number="64" hits="0" branch="False" />
                <line number="65" hits="0" branch="False" />
                <line number="66" hits="0" branch="False" />
                <line number="67" hits="0" branch="False" />
                <line number="68" hits="0" branch="False" />
                <line number="70" hits="0" branch="False" />
                <line number="72" hits="0" branch="False" />
                <line number="74" hits="0" branch="False" />
                <line number="76" hits="0" branch="False" />
                <line number="78" hits="0" branch="False" />
                <line number="80" hits="0" branch="False" />
                <line number="83" hits="0" branch="False" />
                <line number="84" hits="0" branch="False" />
                <line number="86" hits="0" branch="False" />
              </lines>
            </method>
            <method name="Configure" signature="(Microsoft.AspNetCore.Builder.IApplicationBuilder,Microsoft.AspNetCore.Hosting.IWebHostEnvironment)" line-rate="0" branch-rate="0" complexity="2">
              <lines>
                <line number="90" hits="0" branch="False" />
                <line number="91" hits="0" branch="True" condition-coverage="0% (0/2)">
                  <conditions>
                    <condition number="9" type="jump" coverage="0%" />
                  </conditions>
                </line>
                <line number="92" hits="0" branch="False" />
                <line number="93" hits="0" branch="False" />
                <line number="94" hits="0" branch="False" />
                <line number="97" hits="0" branch="False" />
                <line number="100" hits="0" branch="False" />
                <line number="101" hits="0" branch="False" />
                <line number="102" hits="0" branch="False" />
                <line number="103" hits="0" branch="False" />
                <line number="105" hits="0" branch="False" />
                <line number="107" hits="0" branch="False" />
                <line number="109" hits="0" branch="False" />
                <line number="111" hits="0" branch="False" />
                <line number="112" hits="0" branch="False" />
                <line number="113" hits="0" branch="False" />
                <line number="114" hits="0" branch="False" />
                <line number="115" hits="0" branch="False" />
              </lines>
            </method>
            <method name=".ctor" signature="(Microsoft.Extensions.Configuration.IConfiguration)" line-rate="0" branch-rate="1" complexity="1">
              <lines>
                <line number="33" hits="0" branch="False" />
                <line number="34" hits="0" branch="False" />
                <line number="35" hits="0" branch="False" />
                <line number="36" hits="0" branch="False" />
              </lines>
            </method>
          </methods>
          <lines>
            <line number="38" hits="0" branch="False" />
            <line number="44" hits="0" branch="False" />
            <line number="46" hits="0" branch="False" />
            <line number="47" hits="0" branch="False" />
            <line number="49" hits="0" branch="False" />
            <line number="50" hits="0" branch="False" />
            <line number="51" hits="0" branch="False" />
            <line number="53" hits="0" branch="False" />
            <line number="54" hits="0" branch="False" />
            <line number="56" hits="0" branch="False" />
            <line number="57" hits="0" branch="False" />
            <line number="58" hits="0" branch="False" />
            <line number="62" hits="0" branch="False" />
            <line number="63" hits="0" branch="False" />
            <line number="64" hits="0" branch="False" />
            <line number="65" hits="0" branch="False" />
            <line number="66" hits="0" branch="False" />
            <line number="67" hits="0" branch="False" />
            <line number="68" hits="0" branch="False" />
            <line number="70" hits="0" branch="False" />
            <line number="72" hits="0" branch="False" />
            <line number="74" hits="0" branch="False" />
            <line number="76" hits="0" branch="False" />
            <line number="78" hits="0" branch="False" />
            <line number="80" hits="0" branch="False" />
            <line number="83" hits="0" branch="False" />
            <line number="84" hits="0" branch="False" />
            <line number="86" hits="0" branch="False" />
            <line number="90" hits="0" branch="False" />
            <line number="91" hits="0" branch="True" condition-coverage="0% (0/2)">
              <conditions>
                <condition number="9" type="jump" coverage="0%" />
              </conditions>
            </line>
            <line number="92" hits="0" branch="False" />
            <line number="93" hits="0" branch="False" />
            <line number="94" hits="0" branch="False" />
            <line number="97" hits="0" branch="False" />
            <line number="100" hits="0" branch="False" />
            <line number="101" hits="0" branch="False" />
            <line number="102" hits="0" branch="False" />
            <line number="103" hits="0" branch="False" />
            <line number="105" hits="0" branch="False" />
            <line number="107" hits="0" branch="False" />
            <line number="109" hits="0" branch="False" />
            <line number="111" hits="0" branch="False" />
            <line number="112" hits="0" branch="False" />
            <line number="113" hits="0" branch="False" />
            <line number="114" hits="0" branch="False" />
            <line number="115" hits="0" branch="False" />
            <line number="33" hits="0" branch="False" />
            <line number="34" hits="0" branch="False" />
            <line number="35" hits="0" branch="False" />
            <line number="36" hits="0" branch="False" />
          </lines>
        </class>
        <class name="ServicesDeskUCABWS.Entities.Administrador" filename="ServicesDeskUCABWS\Entities\Administrador.cs" line-rate="0" branch-rate="1" complexity="1">
          <methods>
            <method name="get_NumeroDeCuentasBloqueadas" signature="()" line-rate="0" branch-rate="1" complexity="1">
              <lines>
                <line number="5" hits="0" branch="False" />
              </lines>
            </method>
          </methods>
          <lines>
            <line number="5" hits="0" branch="False" />
          </lines>
        </class>
        <class name="ServicesDeskUCABWS.Entities.Bitacora_Ticket" filename="ServicesDeskUCABWS\Entities\Bitacora_Ticket.cs" line-rate="0" branch-rate="1" complexity="5">
          <methods>
            <method name="get_Id" signature="()" line-rate="0" branch-rate="1" complexity="1">
              <lines>
                <line number="9" hits="0" branch="False" />
              </lines>
            </method>
            <method name="get_Estado" signature="()" line-rate="0" branch-rate="1" complexity="1">
              <lines>
                <line number="11" hits="0" branch="False" />
              </lines>
            </method>
            <method name="get_Ticket" signature="()" line-rate="0" branch-rate="1" complexity="1">
              <lines>
                <line number="13" hits="0" branch="False" />
              </lines>
            </method>
            <method name="get_Fecha_Inicio" signature="()" line-rate="0" branch-rate="1" complexity="1">
              <lines>
                <line number="15" hits="0" branch="False" />
              </lines>
            </method>
            <method name="get_Fecha_Fin" signature="()" line-rate="0" branch-rate="1" complexity="1">
              <lines>
                <line number="16" hits="0" branch="False" />
              </lines>
            </method>
          </methods>
          <lines>
            <line number="9" hits="0" branch="False" />
            <line number="11" hits="0" branch="False" />
            <line number="13" hits="0" branch="False" />
            <line number="15" hits="0" branch="False" />
            <line number="16" hits="0" branch="False" />
          </lines>
        </class>
        <class name="ServicesDeskUCABWS.Entities.Cargo" filename="ServicesDeskUCABWS\Entities\Cargo.cs" line-rate="0.5714" branch-rate="1" complexity="7">
          <methods>
            <method name="get_Id" signature="()" line-rate="1" branch-rate="1" complexity="1">
              <lines>
                <line number="10" hits="51" branch="False" />
              </lines>
            </method>
            <method name="get_nombre_departamental" signature="()" line-rate="1" branch-rate="1" complexity="1">
              <lines>
                <line number="13" hits="103" branch="False" />
              </lines>
            </method>
            <method name="get_descripcion" signature="()" line-rate="1" branch-rate="1" complexity="1">
              <lines>
                <line number="17" hits="52" branch="False" />
              </lines>
            </method>
            <method name="get_fecha_creacion" signature="()" line-rate="1" branch-rate="1" complexity="1">
              <lines>
                <line number="20" hits="1" branch="False" />
              </lines>
            </method>
            <method name="get_fecha_ultima_edicion" signature="()" line-rate="0" branch-rate="1" complexity="1">
              <lines>
                <line number="23" hits="0" branch="False" />
              </lines>
            </method>
            <method name="get_fecha_eliminacion" signature="()" line-rate="0" branch-rate="1" complexity="1">
              <lines>
                <line number="24" hits="0" branch="False" />
              </lines>
            </method>
            <method name="get_Tipo_Cargo" signature="()" line-rate="0" branch-rate="1" complexity="1">
              <lines>
                <line number="25" hits="0" branch="False" />
              </lines>
            </method>
          </methods>
          <lines>
            <line number="10" hits="51" branch="False" />
            <line number="13" hits="103" branch="False" />
            <line number="17" hits="52" branch="False" />
            <line number="20" hits="1" branch="False" />
            <line number="23" hits="0" branch="False" />
            <line number="24" hits="0" branch="False" />
            <line number="25" hits="0" branch="False" />
          </lines>
        </class>
        <class name="ServicesDeskUCABWS.Entities.Departamento" filename="ServicesDeskUCABWS\Entities\Departamento.cs" line-rate="1" branch-rate="1" complexity="8">
          <methods>
            <method name="get_id" signature="()" line-rate="1" branch-rate="1" complexity="1">
              <lines>
                <line number="12" hits="126" branch="False" />
              </lines>
            </method>
            <method name="get_nombre" signature="()" line-rate="1" branch-rate="1" complexity="1">
              <lines>
                <line number="15" hits="213" branch="False" />
              </lines>
            </method>
            <method name="get_descripcion" signature="()" line-rate="1" branch-rate="1" complexity="1">
              <lines>
                <line number="19" hits="198" branch="False" />
              </lines>
            </method>
            <method name="get_fecha_creacion" signature="()" line-rate="1" branch-rate="1" complexity="1">
              <lines>
                <line number="22" hits="98" branch="False" />
              </lines>
            </method>
            <method name="get_fecha_ultima_edicion" signature="()" line-rate="1" branch-rate="1" complexity="1">
              <lines>
                <line number="25" hits="96" branch="False" />
              </lines>
            </method>
            <method name="get_fecha_eliminacion" signature="()" line-rate="1" branch-rate="1" complexity="1">
              <lines>
                <line number="26" hits="95" branch="False" />
              </lines>
            </method>
            <method name="get_id_grupo" signature="()" line-rate="1" branch-rate="1" complexity="1">
              <lines>
                <line number="28" hits="102" branch="False" />
              </lines>
            </method>
            <method name="get_grupo" signature="()" line-rate="1" branch-rate="1" complexity="1">
              <lines>
                <line number="31" hits="88" branch="False" />
              </lines>
            </method>
          </methods>
          <lines>
            <line number="12" hits="126" branch="False" />
            <line number="15" hits="213" branch="False" />
            <line number="19" hits="198" branch="False" />
            <line number="22" hits="98" branch="False" />
            <line number="25" hits="96" branch="False" />
            <line number="26" hits="95" branch="False" />
            <line number="28" hits="102" branch="False" />
            <line number="31" hits="88" branch="False" />
          </lines>
        </class>
        <class name="ServicesDeskUCABWS.Entities.Empleado" filename="ServicesDeskUCABWS\Entities\Empleado.cs" line-rate="0.3333" branch-rate="1" complexity="3">
          <methods>
            <method name="get_Lista_Ticket" signature="()" line-rate="0" branch-rate="1" complexity="1">
              <lines>
                <line number="7" hits="0" branch="False" />
              </lines>
            </method>
            <method name="get_Cargo" signature="()" line-rate="1" branch-rate="1" complexity="1">
              <lines>
                <line number="8" hits="52" branch="False" />
              </lines>
            </method>
            <method name="get_Votos_Ticket" signature="()" line-rate="0" branch-rate="1" complexity="1">
              <lines>
                <line number="9" hits="0" branch="False" />
              </lines>
            </method>
          </methods>
          <lines>
            <line number="7" hits="0" branch="False" />
            <line number="8" hits="52" branch="False" />
            <line number="9" hits="0" branch="False" />
          </lines>
        </class>
        <class name="ServicesDeskUCABWS.Entities.ErrorViewModel" filename="ServicesDeskUCABWS\Entities\ErrorViewModel.cs" line-rate="0" branch-rate="1" complexity="2">
          <methods>
            <method name="get_RequestId" signature="()" line-rate="0" branch-rate="1" complexity="1">
              <lines>
                <line number="5" hits="0" branch="False" />
              </lines>
            </method>
            <method name="get_ShowRequestId" signature="()" line-rate="0" branch-rate="1" complexity="1">
              <lines>
                <line number="7" hits="0" branch="False" />
              </lines>
            </method>
          </methods>
          <lines>
            <line number="5" hits="0" branch="False" />
            <line number="7" hits="0" branch="False" />
          </lines>
        </class>
        <class name="ServicesDeskUCABWS.Entities.Estado" filename="ServicesDeskUCABWS\Entities\Estado.cs" line-rate="0.375" branch-rate="1" complexity="8">
          <methods>
            <method name="get_Id" signature="()" line-rate="1" branch-rate="1" complexity="1">
              <lines>
                <line number="12" hits="2" branch="False" />
              </lines>
            </method>
            <method name="get_nombre" signature="()" line-rate="1" branch-rate="1" complexity="1">
              <lines>
                <line number="16" hits="6" branch="False" />
              </lines>
            </method>
            <method name="get_descripcion" signature="()" line-rate="1" branch-rate="1" complexity="1">
              <lines>
                <line number="20" hits="2" branch="False" />
              </lines>
            </method>
            <method name="get_fecha_creacion" signature="()" line-rate="0" branch-rate="1" complexity="1">
              <lines>
                <line number="22" hits="0" branch="False" />
              </lines>
            </method>
            <method name="get_fecha_ultima_edic" signature="()" line-rate="0" branch-rate="1" complexity="1">
              <lines>
                <line number="24" hits="0" branch="False" />
              </lines>
            </method>
            <method name="get_Estado_Padre" signature="()" line-rate="0" branch-rate="1" complexity="1">
              <lines>
                <line number="27" hits="0" branch="False" />
              </lines>
            </method>
            <method name="get_Bitacora_Tickets" signature="()" line-rate="0" branch-rate="1" complexity="1">
              <lines>
                <line number="28" hits="0" branch="False" />
              </lines>
            </method>
            <method name="get_ListaTickets" signature="()" line-rate="0" branch-rate="1" complexity="1">
              <lines>
                <line number="29" hits="0" branch="False" />
              </lines>
            </method>
          </methods>
          <lines>
            <line number="12" hits="2" branch="False" />
            <line number="16" hits="6" branch="False" />
            <line number="20" hits="2" branch="False" />
            <line number="22" hits="0" branch="False" />
            <line number="24" hits="0" branch="False" />
            <line number="27" hits="0" branch="False" />
            <line number="28" hits="0" branch="False" />
            <line number="29" hits="0" branch="False" />
          </lines>
        </class>
        <class name="ServicesDeskUCABWS.Entities.Etiqueta" filename="ServicesDeskUCABWS\Entities\Etiqueta.cs" line-rate="1" branch-rate="1" complexity="5">
          <methods>
            <method name="get_Id" signature="()" line-rate="1" branch-rate="1" complexity="1">
              <lines>
                <line number="15" hits="163" branch="False" />
              </lines>
            </method>
            <method name="get_nombre" signature="()" line-rate="1" branch-rate="1" complexity="1">
              <lines>
                <line number="18" hits="312" branch="False" />
              </lines>
            </method>
            <method name="get_descripcion" signature="()" line-rate="1" branch-rate="1" complexity="1">
              <lines>
                <line number="22" hits="312" branch="False" />
              </lines>
            </method>
            <method name="get_etiquetaTipoEstado" signature="()" line-rate="1" branch-rate="1" complexity="1">
              <lines>
                <line number="24" hits="150" branch="False" />
              </lines>
            </method>
            <method name=".ctor" signature="()" line-rate="1" branch-rate="1" complexity="1">
              <lines>
                <line number="9" hits="150" branch="False" />
                <line number="10" hits="150" branch="False" />
                <line number="11" hits="150" branch="False" />
                <line number="12" hits="150" branch="False" />
              </lines>
            </method>
          </methods>
          <lines>
            <line number="15" hits="163" branch="False" />
            <line number="18" hits="312" branch="False" />
            <line number="22" hits="312" branch="False" />
            <line number="24" hits="150" branch="False" />
            <line number="9" hits="150" branch="False" />
            <line number="10" hits="150" branch="False" />
            <line number="11" hits="150" branch="False" />
            <line number="12" hits="150" branch="False" />
          </lines>
        </class>
        <class name="ServicesDeskUCABWS.Entities.EtiquetaTipoEstado" filename="ServicesDeskUCABWS\Entities\EtiquetaTipoEstado.cs" line-rate="0.75" branch-rate="1" complexity="4">
          <methods>
            <method name="get_etiquetaID" signature="()" line-rate="1" branch-rate="1" complexity="1">
              <lines>
                <line number="8" hits="104" branch="False" />
              </lines>
            </method>
            <method name="get_tipoEstadoID" signature="()" line-rate="1" branch-rate="1" complexity="1">
              <lines>
                <line number="10" hits="104" branch="False" />
              </lines>
            </method>
            <method name="get_etiqueta" signature="()" line-rate="1" branch-rate="1" complexity="1">
              <lines>
                <line number="12" hits="110" branch="False" />
              </lines>
            </method>
            <method name="get_tipoEstado" signature="()" line-rate="0" branch-rate="1" complexity="1">
              <lines>
                <line number="14" hits="0" branch="False" />
              </lines>
            </method>
          </methods>
          <lines>
            <line number="8" hits="104" branch="False" />
            <line number="10" hits="104" branch="False" />
            <line number="12" hits="110" branch="False" />
            <line number="14" hits="0" branch="False" />
          </lines>
        </class>
        <class name="ServicesDeskUCABWS.Entities.Familia_Ticket" filename="ServicesDeskUCABWS\Entities\Familia_Ticket.cs" line-rate="0" branch-rate="1" complexity="2">
          <methods>
            <method name="get_Id" signature="()" line-rate="0" branch-rate="1" complexity="1">
              <lines>
                <line number="10" hits="0" branch="False" />
              </lines>
            </method>
            <method name="get_Lista_Ticket" signature="()" line-rate="0" branch-rate="1" complexity="1">
              <lines>
                <line number="12" hits="0" branch="False" />
              </lines>
            </method>
          </methods>
          <lines>
            <line number="10" hits="0" branch="False" />
            <line number="12" hits="0" branch="False" />
          </lines>
        </class>
        <class name="ServicesDeskUCABWS.Entities.Flujo_Aprobacion" filename="ServicesDeskUCABWS\Entities\Flujo_Aprobacion.cs" line-rate="0" branch-rate="1" complexity="4">
          <methods>
            <method name="get_Id" signature="()" line-rate="0" branch-rate="1" complexity="1">
              <lines>
                <line number="8" hits="0" branch="False" />
              </lines>
            </method>
            <method name="get_OrdenAprobacion" signature="()" line-rate="0" branch-rate="1" complexity="1">
              <lines>
                <line number="9" hits="0" branch="False" />
              </lines>
            </method>
            <method name="get_Tipo_Cargo" signature="()" line-rate="0" branch-rate="1" complexity="1">
              <lines>
                <line number="10" hits="0" branch="False" />
              </lines>
            </method>
            <method name="get_Tipo_Ticket" signature="()" line-rate="0" branch-rate="1" complexity="1">
              <lines>
                <line number="11" hits="0" branch="False" />
              </lines>
            </method>
          </methods>
          <lines>
            <line number="8" hits="0" branch="False" />
            <line number="9" hits="0" branch="False" />
            <line number="10" hits="0" branch="False" />
            <line number="11" hits="0" branch="False" />
          </lines>
        </class>
        <class name="ServicesDeskUCABWS.Entities.Grupo" filename="ServicesDeskUCABWS\Entities\Grupo.cs" line-rate="0.8571" branch-rate="1" complexity="7">
          <methods>
            <method name="get_id" signature="()" line-rate="1" branch-rate="1" complexity="1">
              <lines>
                <line number="11" hits="157" branch="False" />
              </lines>
            </method>
            <method name="get_nombre" signature="()" line-rate="1" branch-rate="1" complexity="1">
              <lines>
                <line number="14" hits="234" branch="False" />
              </lines>
            </method>
            <method name="get_descripcion" signature="()" line-rate="1" branch-rate="1" complexity="1">
              <lines>
                <line number="18" hits="222" branch="False" />
              </lines>
            </method>
            <method name="get_fecha_creacion" signature="()" line-rate="1" branch-rate="1" complexity="1">
              <lines>
                <line number="21" hits="109" branch="False" />
              </lines>
            </method>
            <method name="get_fecha_ultima_edicion" signature="()" line-rate="1" branch-rate="1" complexity="1">
              <lines>
                <line number="24" hits="105" branch="False" />
              </lines>
            </method>
            <method name="get_fecha_eliminacion" signature="()" line-rate="1" branch-rate="1" complexity="1">
              <lines>
                <line number="25" hits="105" branch="False" />
              </lines>
            </method>
            <method name="get_departamentos" signature="()" line-rate="0" branch-rate="1" complexity="1">
              <lines>
                <line number="27" hits="0" branch="False" />
              </lines>
            </method>
          </methods>
          <lines>
            <line number="11" hits="157" branch="False" />
            <line number="14" hits="234" branch="False" />
            <line number="18" hits="222" branch="False" />
            <line number="21" hits="109" branch="False" />
            <line number="24" hits="105" branch="False" />
            <line number="25" hits="105" branch="False" />
            <line number="27" hits="0" branch="False" />
          </lines>
        </class>
        <class name="ServicesDeskUCABWS.Entities.PlantillaNotificacion" filename="ServicesDeskUCABWS\Entities\PlantillaNotificacion.cs" line-rate="1" branch-rate="1" complexity="5">
          <methods>
            <method name="get_Id" signature="()" line-rate="1" branch-rate="1" complexity="1">
              <lines>
                <line number="10" hits="114" branch="False" />
              </lines>
            </method>
            <method name="get_Titulo" signature="()" line-rate="1" branch-rate="1" complexity="1">
              <lines>
                <line number="12" hits="113" branch="False" />
              </lines>
            </method>
            <method name="get_Descripcion" signature="()" line-rate="1" branch-rate="1" complexity="1">
              <lines>
                <line number="15" hits="111" branch="False" />
              </lines>
            </method>
            <method name="get_TipoEstadoId" signature="()" line-rate="1" branch-rate="1" complexity="1">
              <lines>
                <line number="17" hits="116" branch="False" />
              </lines>
            </method>
            <method name="get_TipoEstado" signature="()" line-rate="1" branch-rate="1" complexity="1">
              <lines>
                <line number="20" hits="209" branch="False" />
              </lines>
            </method>
          </methods>
          <lines>
            <line number="10" hits="114" branch="False" />
            <line number="12" hits="113" branch="False" />
            <line number="15" hits="111" branch="False" />
            <line number="17" hits="116" branch="False" />
            <line number="20" hits="209" branch="False" />
          </lines>
        </class>
        <class name="ServicesDeskUCABWS.Entities.Prioridad" filename="ServicesDeskUCABWS\Entities\Prioridad.cs" line-rate="0.4" branch-rate="1" complexity="5">
          <methods>
            <method name="get_Id" signature="()" line-rate="0" branch-rate="1" complexity="1">
              <lines>
                <line number="9" hits="0" branch="False" />
              </lines>
            </method>
            <method name="get_nombre" signature="()" line-rate="1" branch-rate="1" complexity="1">
              <lines>
                <line number="11" hits="6" branch="False" />
              </lines>
            </method>
            <method name="get_descripcion" signature="()" line-rate="1" branch-rate="1" complexity="1">
              <lines>
                <line number="15" hits="2" branch="False" />
              </lines>
            </method>
            <method name="get_fecha_descripcion" signature="()" line-rate="0" branch-rate="1" complexity="1">
              <lines>
                <line number="17" hits="0" branch="False" />
              </lines>
            </method>
            <method name="get_fecha_ultima_edic" signature="()" line-rate="0" branch-rate="1" complexity="1">
              <lines>
                <line number="19" hits="0" branch="False" />
              </lines>
            </method>
          </methods>
          <lines>
            <line number="9" hits="0" branch="False" />
            <line number="11" hits="6" branch="False" />
            <line number="15" hits="2" branch="False" />
            <line number="17" hits="0" branch="False" />
            <line number="19" hits="0" branch="False" />
          </lines>
        </class>
        <class name="ServicesDeskUCABWS.Entities.Rol" filename="ServicesDeskUCABWS\Entities\Rol.cs" line-rate="0" branch-rate="1" complexity="3">
          <methods>
            <method name="get_Id" signature="()" line-rate="0" branch-rate="1" complexity="1">
              <lines>
                <line number="10" hits="0" branch="False" />
              </lines>
            </method>
            <method name="get_Name" signature="()" line-rate="0" branch-rate="1" complexity="1">
              <lines>
                <line number="11" hits="0" branch="False" />
              </lines>
            </method>
            <method name="get_Usuarios" signature="()" line-rate="0" branch-rate="1" complexity="1">
              <lines>
                <line number="13" hits="0" branch="False" />
              </lines>
            </method>
          </methods>
          <lines>
            <line number="10" hits="0" branch="False" />
            <line number="11" hits="0" branch="False" />
            <line number="13" hits="0" branch="False" />
          </lines>
        </class>
        <class name="ServicesDeskUCABWS.Entities.RolUsuario" filename="ServicesDeskUCABWS\Entities\RolUsuario.cs" line-rate="0" branch-rate="1" complexity="4">
          <methods>
            <method name="get_UserId" signature="()" line-rate="0" branch-rate="1" complexity="1">
              <lines>
                <line number="8" hits="0" branch="False" />
              </lines>
            </method>
            <method name="get_User" signature="()" line-rate="0" branch-rate="1" complexity="1">
              <lines>
                <line number="10" hits="0" branch="False" />
              </lines>
            </method>
            <method name="get_RolId" signature="()" line-rate="0" branch-rate="1" complexity="1">
              <lines>
                <line number="11" hits="0" branch="False" />
              </lines>
            </method>
            <method name="get_Rol" signature="()" line-rate="0" branch-rate="1" complexity="1">
              <lines>
                <line number="13" hits="0" branch="False" />
              </lines>
            </method>
          </methods>
          <lines>
            <line number="8" hits="0" branch="False" />
            <line number="10" hits="0" branch="False" />
            <line number="11" hits="0" branch="False" />
            <line number="13" hits="0" branch="False" />
          </lines>
        </class>
        <class name="ServicesDeskUCABWS.Entities.Ticket" filename="ServicesDeskUCABWS\Entities\Ticket.cs" line-rate="0.6875" branch-rate="1" complexity="16">
          <methods>
            <method name="get_Id" signature="()" line-rate="1" branch-rate="1" complexity="1">
              <lines>
                <line number="11" hits="2" branch="False" />
              </lines>
            </method>
            <method name="get_titulo" signature="()" line-rate="1" branch-rate="1" complexity="1">
              <lines>
                <line number="15" hits="7" branch="False" />
              </lines>
            </method>
            <method name="get_descripcion" signature="()" line-rate="1" branch-rate="1" complexity="1">
              <lines>
                <line number="19" hits="5" branch="False" />
              </lines>
            </method>
            <method name="get_fecha_creacion" signature="()" line-rate="1" branch-rate="1" complexity="1">
              <lines>
                <line number="21" hits="2" branch="False" />
              </lines>
            </method>
            <method name="get_fecha_eliminacion" signature="()" line-rate="0" branch-rate="1" complexity="1">
              <lines>
                <line number="23" hits="0" branch="False" />
              </lines>
            </method>
            <method name="get_IDEstado" signature="()" line-rate="0" branch-rate="1" complexity="1">
              <lines>
                <line number="26" hits="0" branch="False" />
              </lines>
            </method>
            <method name="get_Estado" signature="()" line-rate="1" branch-rate="1" complexity="1">
              <lines>
                <line number="28" hits="6" branch="False" />
              </lines>
            </method>
            <method name="get_Prioridad" signature="()" line-rate="1" branch-rate="1" complexity="1">
              <lines>
                <line number="30" hits="4" branch="False" />
              </lines>
            </method>
            <method name="get_Tipo_Ticket" signature="()" line-rate="1" branch-rate="1" complexity="1">
              <lines>
                <line number="32" hits="4" branch="False" />
              </lines>
            </method>
            <method name="get_Votos_Ticket" signature="()" line-rate="1" branch-rate="1" complexity="1">
              <lines>
                <line number="34" hits="6" branch="False" />
              </lines>
            </method>
            <method name="get_Departamento_Destino" signature="()" line-rate="1" branch-rate="1" complexity="1">
              <lines>
                <line number="35" hits="8" branch="False" />
              </lines>
            </method>
            <method name="get_Familia_Ticket" signature="()" line-rate="0" branch-rate="1" complexity="1">
              <lines>
                <line number="36" hits="0" branch="False" />
              </lines>
            </method>
            <method name="get_Ticket_Padre" signature="()" line-rate="0" branch-rate="1" complexity="1">
              <lines>
                <line number="37" hits="0" branch="False" />
              </lines>
            </method>
            <method name="get_Bitacora_Tickets" signature="()" line-rate="0" branch-rate="1" complexity="1">
              <lines>
                <line number="38" hits="0" branch="False" />
              </lines>
            </method>
            <method name="get_empleado" signature="()" line-rate="1" branch-rate="1" complexity="1">
              <lines>
                <line number="40" hits="6" branch="False" />
              </lines>
            </method>
            <method name="get_cliente" signature="()" line-rate="1" branch-rate="1" complexity="1">
              <lines>
                <line number="42" hits="3" branch="False" />
              </lines>
            </method>
          </methods>
          <lines>
            <line number="11" hits="2" branch="False" />
            <line number="15" hits="7" branch="False" />
            <line number="19" hits="5" branch="False" />
            <line number="21" hits="2" branch="False" />
            <line number="23" hits="0" branch="False" />
            <line number="26" hits="0" branch="False" />
            <line number="28" hits="6" branch="False" />
            <line number="30" hits="4" branch="False" />
            <line number="32" hits="4" branch="False" />
            <line number="34" hits="6" branch="False" />
            <line number="35" hits="8" branch="False" />
            <line number="36" hits="0" branch="False" />
            <line number="37" hits="0" branch="False" />
            <line number="38" hits="0" branch="False" />
            <line number="40" hits="6" branch="False" />
            <line number="42" hits="3" branch="False" />
          </lines>
        </class>
        <class name="ServicesDeskUCABWS.Entities.Tipo_Cargo" filename="ServicesDeskUCABWS\Entities\Tipo_Cargo.cs" line-rate="0" branch-rate="1" complexity="8">
          <methods>
            <method name="get_Id" signature="()" line-rate="0" branch-rate="1" complexity="1">
              <lines>
                <line number="10" hits="0" branch="False" />
              </lines>
            </method>
            <method name="get_nombre" signature="()" line-rate="0" branch-rate="1" complexity="1">
              <lines>
                <line number="13" hits="0" branch="False" />
              </lines>
            </method>
            <method name="get_descripcion" signature="()" line-rate="0" branch-rate="1" complexity="1">
              <lines>
                <line number="16" hits="0" branch="False" />
              </lines>
            </method>
            <method name="get_nivel_jerarquia" signature="()" line-rate="0" branch-rate="1" complexity="1">
              <lines>
                <line number="19" hits="0" branch="False" />
              </lines>
            </method>
            <method name="get_fecha_creacion" signature="()" line-rate="0" branch-rate="1" complexity="1">
              <lines>
                <line number="20" hits="0" branch="False" />
              </lines>
            </method>
            <method name="get_fecha_ult_edic" signature="()" line-rate="0" branch-rate="1" complexity="1">
              <lines>
                <line number="21" hits="0" branch="False" />
              </lines>
            </method>
            <method name="get_fecha_eliminacion" signature="()" line-rate="0" branch-rate="1" complexity="1">
              <lines>
                <line number="22" hits="0" branch="False" />
              </lines>
            </method>
            <method name="get_Flujo_Aprobacion" signature="()" line-rate="0" branch-rate="1" complexity="1">
              <lines>
                <line number="23" hits="0" branch="False" />
              </lines>
            </method>
          </methods>
          <lines>
            <line number="10" hits="0" branch="False" />
            <line number="13" hits="0" branch="False" />
            <line number="16" hits="0" branch="False" />
            <line number="19" hits="0" branch="False" />
            <line number="20" hits="0" branch="False" />
            <line number="21" hits="0" branch="False" />
            <line number="22" hits="0" branch="False" />
            <line number="23" hits="0" branch="False" />
          </lines>
        </class>
        <class name="ServicesDeskUCABWS.Entities.Tipo_Estado" filename="ServicesDeskUCABWS\Entities\Tipo_Estado.cs" line-rate="1" branch-rate="1" complexity="5">
          <methods>
            <method name="get_Id" signature="()" line-rate="1" branch-rate="1" complexity="1">
              <lines>
                <line number="15" hits="131" branch="False" />
              </lines>
            </method>
            <method name="get_nombre" signature="()" line-rate="1" branch-rate="1" complexity="1">
              <lines>
                <line number="18" hits="120" branch="False" />
              </lines>
            </method>
            <method name="get_descripcion" signature="()" line-rate="1" branch-rate="1" complexity="1">
              <lines>
                <line number="22" hits="116" branch="False" />
              </lines>
            </method>
            <method name="get_etiquetaTipoEstado" signature="()" line-rate="1" branch-rate="1" complexity="1">
              <lines>
                <line number="24" hits="220" branch="False" />
              </lines>
            </method>
            <method name=".ctor" signature="()" line-rate="1" branch-rate="1" complexity="1">
              <lines>
                <line number="9" hits="103" branch="False" />
                <line number="10" hits="103" branch="False" />
                <line number="11" hits="103" branch="False" />
                <line number="12" hits="103" branch="False" />
              </lines>
            </method>
          </methods>
          <lines>
            <line number="15" hits="131" branch="False" />
            <line number="18" hits="120" branch="False" />
            <line number="22" hits="116" branch="False" />
            <line number="24" hits="220" branch="False" />
            <line number="9" hits="103" branch="False" />
            <line number="10" hits="103" branch="False" />
            <line number="11" hits="103" branch="False" />
            <line number="12" hits="103" branch="False" />
          </lines>
        </class>
        <class name="ServicesDeskUCABWS.Entities.Tipo_Ticket" filename="ServicesDeskUCABWS\Entities\Tipo_Ticket.cs" line-rate="0.2" branch-rate="1" complexity="10">
          <methods>
            <method name="get_Id" signature="()" line-rate="0" branch-rate="1" complexity="1">
              <lines>
                <line number="12" hits="0" branch="False" />
              </lines>
            </method>
            <method name="get_nombre" signature="()" line-rate="1" branch-rate="1" complexity="1">
              <lines>
                <line number="16" hits="6" branch="False" />
              </lines>
            </method>
            <method name="get_descripcion" signature="()" line-rate="1" branch-rate="1" complexity="1">
              <lines>
                <line number="20" hits="2" branch="False" />
              </lines>
            </method>
            <method name="get_tipo" signature="()" line-rate="0" branch-rate="1" complexity="1">
              <lines>
                <line number="22" hits="0" branch="False" />
              </lines>
            </method>
            <method name="get_fecha_creacion" signature="()" line-rate="0" branch-rate="1" complexity="1">
              <lines>
                <line number="24" hits="0" branch="False" />
              </lines>
            </method>
            <method name="get_fecha_ult_edic" signature="()" line-rate="0" branch-rate="1" complexity="1">
              <lines>
                <line number="26" hits="0" branch="False" />
              </lines>
            </method>
            <method name="get_fecha_elim" signature="()" line-rate="0" branch-rate="1" complexity="1">
              <lines>
                <line number="28" hits="0" branch="False" />
              </lines>
            </method>
            <method name="get_Flujo_Aprobacion" signature="()" line-rate="0" branch-rate="1" complexity="1">
              <lines>
                <line number="29" hits="0" branch="False" />
              </lines>
            </method>
            <method name="get_Departamento" signature="()" line-rate="0" branch-rate="1" complexity="1">
              <lines>
                <line number="30" hits="0" branch="False" />
              </lines>
            </method>
            <method name="get_Minimo_Aprobado" signature="()" line-rate="0" branch-rate="1" complexity="1">
              <lines>
                <line number="31" hits="0" branch="False" />
              </lines>
            </method>
          </methods>
          <lines>
            <line number="12" hits="0" branch="False" />
            <line number="16" hits="6" branch="False" />
            <line number="20" hits="2" branch="False" />
            <line number="22" hits="0" branch="False" />
            <line number="24" hits="0" branch="False" />
            <line number="26" hits="0" branch="False" />
            <line number="28" hits="0" branch="False" />
            <line number="29" hits="0" branch="False" />
            <line number="30" hits="0" branch="False" />
            <line number="31" hits="0" branch="False" />
          </lines>
        </class>
        <class name="ServicesDeskUCABWS.Entities.Usuario" filename="ServicesDeskUCABWS\Entities\Usuario.cs" line-rate="0.5714" branch-rate="1" complexity="14">
          <methods>
            <method name="get_Id" signature="()" line-rate="1" branch-rate="1" complexity="1">
              <lines>
                <line number="15" hits="52" branch="False" />
              </lines>
            </method>
            <method name="get_cedula" signature="()" line-rate="1" branch-rate="1" complexity="1">
              <lines>
                <line number="17" hits="50" branch="False" />
              </lines>
            </method>
            <method name="get_primer_nombre" signature="()" line-rate="1" branch-rate="1" complexity="1">
              <lines>
                <line number="20" hits="106" branch="False" />
              </lines>
            </method>
            <method name="get_segundo_nombre" signature="()" line-rate="1" branch-rate="1" complexity="1">
              <lines>
                <line number="23" hits="52" branch="False" />
              </lines>
            </method>
            <method name="get_primer_apellido" signature="()" line-rate="1" branch-rate="1" complexity="1">
              <lines>
                <line number="26" hits="106" branch="False" />
              </lines>
            </method>
            <method name="get_segundo_apellido" signature="()" line-rate="1" branch-rate="1" complexity="1">
              <lines>
                <line number="28" hits="52" branch="False" />
              </lines>
            </method>
            <method name="get_fecha_nacimiento" signature="()" line-rate="0" branch-rate="1" complexity="1">
              <lines>
                <line number="30" hits="0" branch="False" />
              </lines>
            </method>
            <method name="get_gender" signature="()" line-rate="0" branch-rate="1" complexity="1">
              <lines>
                <line number="32" hits="0" branch="False" />
              </lines>
            </method>
            <method name="get_correo" signature="()" line-rate="1" branch-rate="1" complexity="1">
              <lines>
                <line number="36" hits="52" branch="False" />
              </lines>
            </method>
            <method name="get_password" signature="()" line-rate="1" branch-rate="1" complexity="1">
              <lines>
                <line number="39" hits="52" branch="False" />
              </lines>
            </method>
            <method name="get_fecha_creacion" signature="()" line-rate="0" branch-rate="1" complexity="1">
              <lines>
                <line number="41" hits="0" branch="False" />
              </lines>
            </method>
            <method name="get_fecha_ultima_edicion" signature="()" line-rate="0" branch-rate="1" complexity="1">
              <lines>
                <line number="43" hits="0" branch="False" />
              </lines>
            </method>
            <method name="get_fecha_eliminacion" signature="()" line-rate="0" branch-rate="1" complexity="1">
              <lines>
                <line number="44" hits="0" branch="False" />
              </lines>
            </method>
            <method name="get_Roles" signature="()" line-rate="0" branch-rate="1" complexity="1">
              <lines>
                <line number="45" hits="0" branch="False" />
              </lines>
            </method>
          </methods>
          <lines>
            <line number="15" hits="52" branch="False" />
            <line number="17" hits="50" branch="False" />
            <line number="20" hits="106" branch="False" />
            <line number="23" hits="52" branch="False" />
            <line number="26" hits="106" branch="False" />
            <line number="28" hits="52" branch="False" />
            <line number="30" hits="0" branch="False" />
            <line number="32" hits="0" branch="False" />
            <line number="36" hits="52" branch="False" />
            <line number="39" hits="52" branch="False" />
            <line number="41" hits="0" branch="False" />
            <line number="43" hits="0" branch="False" />
            <line number="44" hits="0" branch="False" />
            <line number="45" hits="0" branch="False" />
          </lines>
        </class>
        <class name="ServicesDeskUCABWS.Entities.Votos_Ticket" filename="ServicesDeskUCABWS\Entities\Votos_Ticket.cs" line-rate="0.3333" branch-rate="1" complexity="6">
          <methods>
            <method name="get_Id" signature="()" line-rate="1" branch-rate="1" complexity="1">
              <lines>
                <line number="10" hits="2" branch="False" />
              </lines>
            </method>
            <method name="get_aprobado" signature="()" line-rate="0" branch-rate="1" complexity="1">
              <lines>
                <line number="11" hits="0" branch="False" />
              </lines>
            </method>
            <method name="get_comentario" signature="()" line-rate="1" branch-rate="1" complexity="1">
              <lines>
                <line number="12" hits="2" branch="False" />
              </lines>
            </method>
            <method name="get_fecha" signature="()" line-rate="0" branch-rate="1" complexity="1">
              <lines>
                <line number="13" hits="0" branch="False" />
              </lines>
            </method>
            <method name="get_Usuario" signature="()" line-rate="0" branch-rate="1" complexity="1">
              <lines>
                <line number="14" hits="0" branch="False" />
              </lines>
            </method>
            <method name="get_Ticket" signature="()" line-rate="0" branch-rate="1" complexity="1">
              <lines>
                <line number="15" hits="0" branch="False" />
              </lines>
            </method>
          </methods>
          <lines>
            <line number="10" hits="2" branch="False" />
            <line number="11" hits="0" branch="False" />
            <line number="12" hits="2" branch="False" />
            <line number="13" hits="0" branch="False" />
            <line number="14" hits="0" branch="False" />
            <line number="15" hits="0" branch="False" />
          </lines>
        </class>
        <class name="ServicesDeskUCABWS.Data.DataContext" filename="ServicesDeskUCABWS\Data\DataContext.cs" line-rate="0" branch-rate="1" complexity="28">
          <methods>
            <method name="OnModelCreating" signature="(Microsoft.EntityFrameworkCore.ModelBuilder)" line-rate="0" branch-rate="1" complexity="1">
              <lines>
                <line number="16" hits="0" branch="False" />
                <line number="17" hits="0" branch="False" />
                <line number="19" hits="0" branch="False" />
                <line number="20" hits="0" branch="False" />
                <line number="21" hits="0" branch="False" />
                <line number="22" hits="0" branch="False" />
                <line number="23" hits="0" branch="False" />
                <line number="25" hits="0" branch="False" />
                <line number="27" hits="0" branch="False" />
                <line number="28" hits="0" branch="False" />
                <line number="29" hits="0" branch="False" />
                <line number="30" hits="0" branch="False" />
                <line number="33" hits="0" branch="False" />
                <line number="34" hits="0" branch="False" />
                <line number="35" hits="0" branch="False" />
                <line number="36" hits="0" branch="False" />
                <line number="38" hits="0" branch="False" />
                <line number="39" hits="0" branch="False" />
                <line number="40" hits="0" branch="False" />
                <line number="41" hits="0" branch="False" />
                <line number="43" hits="0" branch="False" />
              </lines>
            </method>
            <method name="get_RolUsuarios" signature="()" line-rate="0" branch-rate="1" complexity="1">
              <lines>
                <line number="47" hits="0" branch="False" />
              </lines>
            </method>
            <method name="get_Roles" signature="()" line-rate="0" branch-rate="1" complexity="1">
              <lines>
                <line number="48" hits="0" branch="False" />
              </lines>
            </method>
            <method name="get_Usuarios" signature="()" line-rate="0" branch-rate="1" complexity="1">
              <lines>
                <line number="49" hits="0" branch="False" />
              </lines>
            </method>
            <method name="get_Administrador" signature="()" line-rate="0" branch-rate="1" complexity="1">
              <lines>
                <line number="50" hits="0" branch="False" />
              </lines>
            </method>
            <method name="get_Cliente" signature="()" line-rate="0" branch-rate="1" complexity="1">
              <lines>
                <line number="51" hits="0" branch="False" />
              </lines>
            </method>
            <method name="get_Empleado" signature="()" line-rate="0" branch-rate="1" complexity="1">
              <lines>
                <line number="52" hits="0" branch="False" />
              </lines>
            </method>
            <method name="get_Estados" signature="()" line-rate="0" branch-rate="1" complexity="1">
              <lines>
                <line number="53" hits="0" branch="False" />
              </lines>
            </method>
            <method name="get_Prioridades" signature="()" line-rate="0" branch-rate="1" complexity="1">
              <lines>
                <line number="54" hits="0" branch="False" />
              </lines>
            </method>
            <method name="get_Tickets" signature="()" line-rate="0" branch-rate="1" complexity="1">
              <lines>
                <line number="55" hits="0" branch="False" />
              </lines>
            </method>
            <method name="get_Clientes" signature="()" line-rate="0" branch-rate="1" complexity="1">
              <lines>
                <line number="56" hits="0" branch="False" />
              </lines>
            </method>
            <method name="get_Administradores" signature="()" line-rate="0" branch-rate="1" complexity="1">
              <lines>
                <line number="57" hits="0" branch="False" />
              </lines>
            </method>
            <method name="get_Empleados" signature="()" line-rate="0" branch-rate="1" complexity="1">
              <lines>
                <line number="58" hits="0" branch="False" />
              </lines>
            </method>
            <method name="get_Tipos_Tickets" signature="()" line-rate="0" branch-rate="1" complexity="1">
              <lines>
                <line number="59" hits="0" branch="False" />
              </lines>
            </method>
            <method name="get_Tipos_Cargos" signature="()" line-rate="0" branch-rate="1" complexity="1">
              <lines>
                <line number="60" hits="0" branch="False" />
              </lines>
            </method>
            <method name="get_Departamentos" signature="()" line-rate="0" branch-rate="1" complexity="1">
              <lines>
                <line number="61" hits="0" branch="False" />
              </lines>
            </method>
            <method name="get_Flujos_Aprobaciones" signature="()" line-rate="0" branch-rate="1" complexity="1">
              <lines>
                <line number="62" hits="0" branch="False" />
              </lines>
            </method>
            <method name="get_Votos_Tickets" signature="()" line-rate="0" branch-rate="1" complexity="1">
              <lines>
                <line number="63" hits="0" branch="False" />
              </lines>
            </method>
            <method name="get_Cargos" signature="()" line-rate="0" branch-rate="1" complexity="1">
              <lines>
                <line number="64" hits="0" branch="False" />
              </lines>
            </method>
            <method name="get_Etiquetas" signature="()" line-rate="0" branch-rate="1" complexity="1">
              <lines>
                <line number="65" hits="0" branch="False" />
              </lines>
            </method>
            <method name="get_EtiquetasTipoEstados" signature="()" line-rate="0" branch-rate="1" complexity="1">
              <lines>
                <line number="66" hits="0" branch="False" />
              </lines>
            </method>
            <method name="get_Grupos" signature="()" line-rate="0" branch-rate="1" complexity="1">
              <lines>
                <line number="67" hits="0" branch="False" />
              </lines>
            </method>
            <method name="get_PlantillasNotificaciones" signature="()" line-rate="0" branch-rate="1" complexity="1">
              <lines>
                <line number="68" hits="0" branch="False" />
              </lines>
            </method>
            <method name="get_Tipos_Estados" signature="()" line-rate="0" branch-rate="1" complexity="1">
              <lines>
                <line number="69" hits="0" branch="False" />
              </lines>
            </method>
            <method name="get_Bitacora_Tickets" signature="()" line-rate="0" branch-rate="1" complexity="1">
              <lines>
                <line number="70" hits="0" branch="False" />
              </lines>
            </method>
            <method name="get_Familia_Tickets" signature="()" line-rate="0" branch-rate="1" complexity="1">
              <lines>
                <line number="71" hits="0" branch="False" />
              </lines>
            </method>
            <method name="get_DbContext" signature="()" line-rate="0" branch-rate="1" complexity="1">
              <lines>
                <line number="75" hits="0" branch="False" />
                <line number="76" hits="0" branch="False" />
                <line number="77" hits="0" branch="False" />
              </lines>
            </method>
            <method name=".ctor" signature="(Microsoft.EntityFrameworkCore.DbContextOptions`1&lt;ServicesDeskUCABWS.Data.DataContext&gt;)" line-rate="0" branch-rate="1" complexity="1">
              <lines>
                <line number="11" hits="0" branch="False" />
                <line number="12" hits="0" branch="False" />
                <line number="13" hits="0" branch="False" />
              </lines>
            </method>
          </methods>
          <lines>
            <line number="16" hits="0" branch="False" />
            <line number="17" hits="0" branch="False" />
            <line number="19" hits="0" branch="False" />
            <line number="20" hits="0" branch="False" />
            <line number="21" hits="0" branch="False" />
            <line number="22" hits="0" branch="False" />
            <line number="23" hits="0" branch="False" />
            <line number="25" hits="0" branch="False" />
            <line number="27" hits="0" branch="False" />
            <line number="28" hits="0" branch="False" />
            <line number="29" hits="0" branch="False" />
            <line number="30" hits="0" branch="False" />
            <line number="33" hits="0" branch="False" />
            <line number="34" hits="0" branch="False" />
            <line number="35" hits="0" branch="False" />
            <line number="36" hits="0" branch="False" />
            <line number="38" hits="0" branch="False" />
            <line number="39" hits="0" branch="False" />
            <line number="40" hits="0" branch="False" />
            <line number="41" hits="0" branch="False" />
            <line number="43" hits="0" branch="False" />
            <line number="47" hits="0" branch="False" />
            <line number="48" hits="0" branch="False" />
            <line number="49" hits="0" branch="False" />
            <line number="50" hits="0" branch="False" />
            <line number="51" hits="0" branch="False" />
            <line number="52" hits="0" branch="False" />
            <line number="53" hits="0" branch="False" />
            <line number="54" hits="0" branch="False" />
            <line number="55" hits="0" branch="False" />
            <line number="56" hits="0" branch="False" />
            <line number="57" hits="0" branch="False" />
            <line number="58" hits="0" branch="False" />
            <line number="59" hits="0" branch="False" />
            <line number="60" hits="0" branch="False" />
            <line number="61" hits="0" branch="False" />
            <line number="62" hits="0" branch="False" />
            <line number="63" hits="0" branch="False" />
            <line number="64" hits="0" branch="False" />
            <line number="65" hits="0" branch="False" />
            <line number="66" hits="0" branch="False" />
            <line number="67" hits="0" branch="False" />
            <line number="68" hits="0" branch="False" />
            <line number="69" hits="0" branch="False" />
            <line number="70" hits="0" branch="False" />
            <line number="71" hits="0" branch="False" />
            <line number="75" hits="0" branch="False" />
            <line number="76" hits="0" branch="False" />
            <line number="77" hits="0" branch="False" />
            <line number="11" hits="0" branch="False" />
            <line number="12" hits="0" branch="False" />
            <line number="13" hits="0" branch="False" />
          </lines>
        </class>
        <class name="ServicesDeskUCABWS.Controllers.AsignacionRolController" filename="ServicesDeskUCABWS\Controllers\AsignacionRolController.cs" line-rate="0" branch-rate="1" complexity="5">
          <methods>
            <method name="GetRolByUser" signature="(System.Guid)" line-rate="0" branch-rate="1" complexity="1">
              <lines>
                <line number="34" hits="0" branch="False" />
                <line number="35" hits="0" branch="False" />
                <line number="37" hits="0" branch="False" />
                <line number="38" hits="0" branch="False" />
                <line number="39" hits="0" branch="False" />
                <line number="40" hits="0" branch="False" />
                <line number="41" hits="0" branch="False" />
                <line number="42" hits="0" branch="False" />
                <line number="43" hits="0" branch="False" />
                <line number="44" hits="0" branch="False" />
                <line number="45" hits="0" branch="False" />
                <line number="46" hits="0" branch="False" />
                <line number="47" hits="0" branch="False" />
              </lines>
            </method>
            <method name="CrearDepartamento" signature="(System.Guid,System.Guid)" line-rate="0" branch-rate="1" complexity="1">
              <lines>
                <line number="52" hits="0" branch="False" />
                <line number="53" hits="0" branch="False" />
                <line number="55" hits="0" branch="False" />
                <line number="56" hits="0" branch="False" />
                <line number="57" hits="0" branch="False" />
                <line number="59" hits="0" branch="False" />
                <line number="60" hits="0" branch="False" />
                <line number="61" hits="0" branch="False" />
                <line number="62" hits="0" branch="False" />
                <line number="63" hits="0" branch="False" />
                <line number="64" hits="0" branch="False" />
                <line number="65" hits="0" branch="False" />
                <line number="66" hits="0" branch="False" />
                <line number="67" hits="0" branch="False" />
              </lines>
            </method>
            <method name="CrearDepartamento" signature="(ServicesDeskUCABWS.BussinesLogic.DTO.Usuario.RolUsuarioDTO)" line-rate="0" branch-rate="1" complexity="1">
              <lines>
                <line number="72" hits="0" branch="False" />
                <line number="73" hits="0" branch="False" />
                <line number="75" hits="0" branch="False" />
                <line number="76" hits="0" branch="False" />
                <line number="77" hits="0" branch="False" />
                <line number="79" hits="0" branch="False" />
                <line number="80" hits="0" branch="False" />
                <line number="81" hits="0" branch="False" />
                <line number="82" hits="0" branch="False" />
                <line number="83" hits="0" branch="False" />
                <line number="84" hits="0" branch="False" />
                <line number="85" hits="0" branch="False" />
                <line number="86" hits="0" branch="False" />
                <line number="87" hits="0" branch="False" />
              </lines>
            </method>
            <method name="ConsultarUsuarios" signature="()" line-rate="0" branch-rate="1" complexity="1">
              <lines>
                <line number="91" hits="0" branch="False" />
                <line number="92" hits="0" branch="False" />
                <line number="94" hits="0" branch="False" />
                <line number="95" hits="0" branch="False" />
                <line number="96" hits="0" branch="False" />
                <line number="97" hits="0" branch="False" />
                <line number="98" hits="0" branch="False" />
                <line number="99" hits="0" branch="False" />
                <line number="100" hits="0" branch="False" />
                <line number="101" hits="0" branch="False" />
                <line number="102" hits="0" branch="False" />
                <line number="103" hits="0" branch="False" />
                <line number="104" hits="0" branch="False" />
              </lines>
            </method>
            <method name=".ctor" signature="(ServicesDeskUCABWS.BussinesLogic.DAO.UserRolDAO.IUserRol,Microsoft.Extensions.Logging.ILogger`1&lt;ServicesDeskUCABWS.Controllers.UsuarioController&gt;)" line-rate="0" branch-rate="1" complexity="1">
              <lines>
                <line number="25" hits="0" branch="False" />
                <line number="26" hits="0" branch="False" />
                <line number="27" hits="0" branch="False" />
                <line number="28" hits="0" branch="False" />
                <line number="29" hits="0" branch="False" />
              </lines>
            </method>
          </methods>
          <lines>
            <line number="34" hits="0" branch="False" />
            <line number="35" hits="0" branch="False" />
            <line number="37" hits="0" branch="False" />
            <line number="38" hits="0" branch="False" />
            <line number="39" hits="0" branch="False" />
            <line number="40" hits="0" branch="False" />
            <line number="41" hits="0" branch="False" />
            <line number="42" hits="0" branch="False" />
            <line number="43" hits="0" branch="False" />
            <line number="44" hits="0" branch="False" />
            <line number="45" hits="0" branch="False" />
            <line number="46" hits="0" branch="False" />
            <line number="47" hits="0" branch="False" />
            <line number="52" hits="0" branch="False" />
            <line number="53" hits="0" branch="False" />
            <line number="55" hits="0" branch="False" />
            <line number="56" hits="0" branch="False" />
            <line number="57" hits="0" branch="False" />
            <line number="59" hits="0" branch="False" />
            <line number="60" hits="0" branch="False" />
            <line number="61" hits="0" branch="False" />
            <line number="62" hits="0" branch="False" />
            <line number="63" hits="0" branch="False" />
            <line number="64" hits="0" branch="False" />
            <line number="65" hits="0" branch="False" />
            <line number="66" hits="0" branch="False" />
            <line number="67" hits="0" branch="False" />
            <line number="72" hits="0" branch="False" />
            <line number="73" hits="0" branch="False" />
            <line number="75" hits="0" branch="False" />
            <line number="76" hits="0" branch="False" />
            <line number="77" hits="0" branch="False" />
            <line number="79" hits="0" branch="False" />
            <line number="80" hits="0" branch="False" />
            <line number="81" hits="0" branch="False" />
            <line number="82" hits="0" branch="False" />
            <line number="83" hits="0" branch="False" />
            <line number="84" hits="0" branch="False" />
            <line number="85" hits="0" branch="False" />
            <line number="86" hits="0" branch="False" />
            <line number="87" hits="0" branch="False" />
            <line number="91" hits="0" branch="False" />
            <line number="92" hits="0" branch="False" />
            <line number="94" hits="0" branch="False" />
            <line number="95" hits="0" branch="False" />
            <line number="96" hits="0" branch="False" />
            <line number="97" hits="0" branch="False" />
            <line number="98" hits="0" branch="False" />
            <line number="99" hits="0" branch="False" />
            <line number="100" hits="0" branch="False" />
            <line number="101" hits="0" branch="False" />
            <line number="102" hits="0" branch="False" />
            <line number="103" hits="0" branch="False" />
            <line number="104" hits="0" branch="False" />
            <line number="25" hits="0" branch="False" />
            <line number="26" hits="0" branch="False" />
            <line number="27" hits="0" branch="False" />
            <line number="28" hits="0" branch="False" />
            <line number="29" hits="0" branch="False" />
          </lines>
        </class>
        <class name="ServicesDeskUCABWS.Controllers.EtiquetaController" filename="ServicesDeskUCABWS\Controllers\EtiquetaController.cs" line-rate="1" branch-rate="1" complexity="3">
          <methods>
            <method name="ConsultaEtiquetasCtrl" signature="()" line-rate="1" branch-rate="1" complexity="1">
              <lines>
                <line number="28" hits="2" branch="False" />
                <line number="29" hits="2" branch="False" />
                <line number="32" hits="2" branch="False" />
                <line number="33" hits="2" branch="False" />
                <line number="34" hits="1" branch="False" />
                <line number="35" hits="1" branch="False" />
                <line number="36" hits="1" branch="False" />
                <line number="37" hits="1" branch="False" />
                <line number="38" hits="1" branch="False" />
                <line number="39" hits="1" branch="False" />
                <line number="40" hits="1" branch="False" />
                <line number="41" hits="2" branch="False" />
                <line number="42" hits="2" branch="False" />
              </lines>
            </method>
            <method name="GetEtiquetaByGuidCtrl" signature="(System.Guid)" line-rate="1" branch-rate="1" complexity="1">
              <lines>
                <line number="48" hits="2" branch="False" />
                <line number="49" hits="2" branch="False" />
                <line number="52" hits="2" branch="False" />
                <line number="53" hits="2" branch="False" />
                <line number="54" hits="1" branch="False" />
                <line number="55" hits="1" branch="False" />
                <line number="56" hits="1" branch="False" />
                <line number="57" hits="1" branch="False" />
                <line number="58" hits="1" branch="False" />
                <line number="59" hits="1" branch="False" />
                <line number="60" hits="1" branch="False" />
                <line number="61" hits="2" branch="False" />
                <line number="62" hits="2" branch="False" />
              </lines>
            </method>
            <method name=".ctor" signature="(ServicesDeskUCABWS.BussinesLogic.DAO.EtiquetaDAO.IEtiqueta)" line-rate="1" branch-rate="1" complexity="1">
              <lines>
                <line number="19" hits="4" branch="False" />
                <line number="20" hits="4" branch="False" />
                <line number="21" hits="4" branch="False" />
                <line number="22" hits="4" branch="False" />
              </lines>
            </method>
          </methods>
          <lines>
            <line number="28" hits="2" branch="False" />
            <line number="29" hits="2" branch="False" />
            <line number="32" hits="2" branch="False" />
            <line number="33" hits="2" branch="False" />
            <line number="34" hits="1" branch="False" />
            <line number="35" hits="1" branch="False" />
            <line number="36" hits="1" branch="False" />
            <line number="37" hits="1" branch="False" />
            <line number="38" hits="1" branch="False" />
            <line number="39" hits="1" branch="False" />
            <line number="40" hits="1" branch="False" />
            <line number="41" hits="2" branch="False" />
            <line number="42" hits="2" branch="False" />
            <line number="48" hits="2" branch="False" />
            <line number="49" hits="2" branch="False" />
            <line number="52" hits="2" branch="False" />
            <line number="53" hits="2" branch="False" />
            <line number="54" hits="1" branch="False" />
            <line number="55" hits="1" branch="False" />
            <line number="56" hits="1" branch="False" />
            <line number="57" hits="1" branch="False" />
            <line number="58" hits="1" branch="False" />
            <line number="59" hits="1" branch="False" />
            <line number="60" hits="1" branch="False" />
            <line number="61" hits="2" branch="False" />
            <line number="62" hits="2" branch="False" />
            <line number="19" hits="4" branch="False" />
            <line number="20" hits="4" branch="False" />
            <line number="21" hits="4" branch="False" />
            <line number="22" hits="4" branch="False" />
          </lines>
        </class>
        <class name="ServicesDeskUCABWS.Controllers.PlantillaNotificacionController" filename="ServicesDeskUCABWS\Controllers\PlantillaNotificacionController.cs" line-rate="1" branch-rate="1" complexity="9">
          <methods>
            <method name="ConsultaPlantillasCtrl" signature="()" line-rate="1" branch-rate="1" complexity="1">
              <lines>
                <line number="29" hits="2" branch="False" />
                <line number="30" hits="2" branch="False" />
                <line number="33" hits="2" branch="False" />
                <line number="34" hits="2" branch="False" />
                <line number="35" hits="1" branch="False" />
                <line number="36" hits="1" branch="False" />
                <line number="37" hits="1" branch="False" />
                <line number="38" hits="1" branch="False" />
                <line number="39" hits="1" branch="False" />
                <line number="40" hits="1" branch="False" />
                <line number="43" hits="1" branch="False" />
                <line number="44" hits="2" branch="False" />
                <line number="45" hits="2" branch="False" />
              </lines>
            </method>
            <method name="GetByGuidCtrl" signature="(System.Guid)" line-rate="1" branch-rate="1" complexity="1">
              <lines>
                <line number="51" hits="2" branch="False" />
                <line number="52" hits="2" branch="False" />
                <line number="55" hits="2" branch="False" />
                <line number="56" hits="2" branch="False" />
                <line number="57" hits="1" branch="False" />
                <line number="58" hits="1" branch="False" />
                <line number="59" hits="1" branch="False" />
                <line number="60" hits="1" branch="False" />
                <line number="61" hits="1" branch="False" />
                <line number="62" hits="1" branch="False" />
                <line number="63" hits="1" branch="False" />
[...]
            </method>
            <method name="ConsultaEtiquetaIDExceptionServiceTest" signature="()" line-rate="1" branch-rate="1" complexity="1">
              <lines>
                <line number="82" hits="1" branch="False" />
                <line number="83" hits="1" branch="False" />
                <line number="84" hits="2" branch="False" />
                <line number="85" hits="1" branch="False" />
              </lines>
            </method>
            <method name=".ctor" signature="()" line-rate="1" branch-rate="1" complexity="1">
              <lines>
                <line number="20" hits="5" branch="False" />
                <line number="21" hits="5" branch="False" />
                <line number="22" hits="5" branch="False" />
                <line number="23" hits="5" branch="False" />
                <line number="24" hits="5" branch="False" />
                <line number="25" hits="5" branch="False" />
                <line number="26" hits="5" branch="False" />
                <line number="27" hits="5" branch="False" />
                <line number="28" hits="5" branch="False" />
                <line number="29" hits="10" branch="False" />
                <line number="30" hits="5" branch="False" />
                <line number="31" hits="5" branch="False" />
                <line number="32" hits="5" branch="False" />
                <line number="33" hits="5" branch="False" />
              </lines>
            </method>
          </methods>
          <lines>
            <line number="41" hits="1" branch="False" />
            <line number="42" hits="1" branch="False" />
            <line number="43" hits="1" branch="False" />
            <line number="44" hits="1" branch="False" />
            <line number="49" hits="1" branch="False" />
            <line number="50" hits="1" branch="False" />
            <line number="52" hits="2" branch="False" />
            <line number="53" hits="1" branch="False" />
            <line number="57" hits="1" branch="False" />
            <line number="59" hits="1" branch="False" />
            <line number="60" hits="2" branch="False" />
            <line number="61" hits="1" branch="False" />
            <line number="69" hits="1" branch="False" />
            <line number="71" hits="1" branch="False" />
            <line number="74" hits="1" branch="False" />
            <line number="77" hits="1" branch="False" />
            <line number="78" hits="1" branch="False" />
            <line number="82" hits="1" branch="False" />
            <line number="83" hits="1" branch="False" />
            <line number="84" hits="2" branch="False" />
            <line number="85" hits="1" branch="False" />
            <line number="20" hits="5" branch="False" />
            <line number="21" hits="5" branch="False" />
            <line number="22" hits="5" branch="False" />
            <line number="23" hits="5" branch="False" />
            <line number="24" hits="5" branch="False" />
            <line number="25" hits="5" branch="False" />
            <line number="26" hits="5" branch="False" />
            <line number="27" hits="5" branch="False" />
            <line number="28" hits="5" branch="False" />
            <line number="29" hits="10" branch="False" />
            <line number="30" hits="5" branch="False" />
            <line number="31" hits="5" branch="False" />
            <line number="32" hits="5" branch="False" />
            <line number="33" hits="5" branch="False" />
          </lines>
        </class>
        <class name="UnitTestServicesDeskUCABWS.UnitTest_GrupoG.DataSeed.DataSeed" filename="UnitTestServicesDeskUCABWS\UnitTest_GrupoG\DataSeed\DataSeed.cs" line-rate="0.879" branch-rate="1" complexity="5">
          <methods>
            <method name="SetUpContextData" signature="(Moq.Mock`1&lt;ServicesDeskUCABWS.Data.IDataContext&gt;)" line-rate="1" branch-rate="1" complexity="1">
              <lines>
                <line number="18" hits="50" branch="False" />
                <line number="19" hits="50" branch="False" />
                <line number="20" hits="50" branch="False" />
                <line number="21" hits="50" branch="False" />
                <line number="22" hits="50" branch="False" />
                <line number="23" hits="50" branch="False" />
                <line number="24" hits="50" branch="False" />
                <line number="25" hits="50" branch="False" />
                <line number="26" hits="50" branch="False" />
                <line number="27" hits="50" branch="False" />
                <line number="28" hits="50" branch="False" />
                <line number="29" hits="50" branch="False" />
                <line number="30" hits="50" branch="False" />
                <line number="31" hits="50" branch="False" />
                <line number="32" hits="50" branch="False" />
                <line number="33" hits="50" branch="False" />
                <line number="34" hits="50" branch="False" />
                <line number="35" hits="50" branch="False" />
                <line number="36" hits="50" branch="False" />
                <line number="37" hits="50" branch="False" />
                <line number="38" hits="50" branch="False" />
                <line number="39" hits="50" branch="False" />
                <line number="40" hits="50" branch="False" />
                <line number="41" hits="50" branch="False" />
                <line number="42" hits="50" branch="False" />
                <line number="43" hits="50" branch="False" />
                <line number="44" hits="50" branch="False" />
                <line number="45" hits="50" branch="False" />
                <line number="46" hits="50" branch="False" />
                <line number="47" hits="50" branch="False" />
                <line number="48" hits="50" branch="False" />
                <line number="49" hits="50" branch="False" />
                <line number="50" hits="50" branch="False" />
                <line number="51" hits="50" branch="False" />
                <line number="52" hits="50" branch="False" />
                <line number="53" hits="50" branch="False" />
                <line number="54" hits="50" branch="False" />
                <line number="55" hits="50" branch="False" />
                <line number="56" hits="50" branch="False" />
                <line number="57" hits="50" branch="False" />
                <line number="58" hits="50" branch="False" />
                <line number="59" hits="50" branch="False" />
                <line number="60" hits="50" branch="False" />
                <line number="61" hits="50" branch="False" />
                <line number="62" hits="50" branch="False" />
                <line number="63" hits="50" branch="False" />
                <line number="64" hits="50" branch="False" />
                <line number="65" hits="50" branch="False" />
                <line number="66" hits="50" branch="False" />
                <line number="67" hits="50" branch="False" />
                <line number="68" hits="50" branch="False" />
                <line number="69" hits="50" branch="False" />
                <line number="70" hits="50" branch="False" />
                <line number="71" hits="50" branch="False" />
                <line number="72" hits="50" branch="False" />
                <line number="73" hits="50" branch="False" />
                <line number="74" hits="50" branch="False" />
                <line number="75" hits="50" branch="False" />
                <line number="77" hits="50" branch="False" />
                <line number="78" hits="50" branch="False" />
                <line number="79" hits="50" branch="False" />
                <line number="80" hits="50" branch="False" />
                <line number="81" hits="50" branch="False" />
                <line number="82" hits="50" branch="False" />
                <line number="83" hits="50" branch="False" />
                <line number="84" hits="50" branch="False" />
                <line number="85" hits="50" branch="False" />
                <line number="87" hits="50" branch="False" />
                <line number="88" hits="50" branch="False" />
                <line number="89" hits="50" branch="False" />
                <line number="90" hits="50" branch="False" />
                <line number="91" hits="50" branch="False" />
                <line number="92" hits="50" branch="False" />
                <line number="93" hits="50" branch="False" />
                <line number="94" hits="50" branch="False" />
                <line number="95" hits="50" branch="False" />
                <line number="96" hits="50" branch="False" />
                <line number="97" hits="50" branch="False" />
                <line number="98" hits="50" branch="False" />
                <line number="99" hits="50" branch="False" />
                <line number="100" hits="50" branch="False" />
                <line number="101" hits="50" branch="False" />
                <line number="103" hits="50" branch="False" />
                <line number="106" hits="150" branch="False" />
                <line number="108" hits="50" branch="False" />
                <line number="109" hits="50" branch="False" />
                <line number="110" hits="50" branch="False" />
                <line number="111" hits="50" branch="False" />
                <line number="112" hits="50" branch="False" />
                <line number="113" hits="50" branch="False" />
                <line number="114" hits="50" branch="False" />
                <line number="115" hits="50" branch="False" />
                <line number="116" hits="50" branch="False" />
                <line number="118" hits="50" branch="False" />
                <line number="119" hits="50" branch="False" />
                <line number="120" hits="50" branch="False" />
                <line number="130" hits="50" branch="False" />
              </lines>
            </method>
            <method name="SetUpContextDataCliente" signature="(Moq.Mock`1&lt;ServicesDeskUCABWS.Data.IDataContext&gt;)" line-rate="0" branch-rate="1" complexity="1">
              <lines>
                <line number="133" hits="0" branch="False" />
                <line number="134" hits="0" branch="False" />
                <line number="135" hits="0" branch="False" />
                <line number="136" hits="0" branch="False" />
                <line number="137" hits="0" branch="False" />
                <line number="138" hits="0" branch="False" />
                <line number="139" hits="0" branch="False" />
                <line number="140" hits="0" branch="False" />
                <line number="141" hits="0" branch="False" />
                <line number="142" hits="0" branch="False" />
                <line number="143" hits="0" branch="False" />
                <line number="145" hits="0" branch="False" />
                <line number="147" hits="0" branch="False" />
                <line number="148" hits="0" branch="False" />
                <line number="149" hits="0" branch="False" />
              </lines>
            </method>
            <method name="SetUpContextDataVacio" signature="(Moq.Mock`1&lt;ServicesDeskUCABWS.Data.IDataContext&gt;)" line-rate="1" branch-rate="1" complexity="1">
              <lines>
                <line number="152" hits="1" branch="False" />
                <line number="153" hits="1" branch="False" />
                <line number="155" hits="1" branch="False" />
                <line number="156" hits="1" branch="False" />
              </lines>
            </method>
            <method name="SetUpContextDataEtiquetaVacio" signature="(Moq.Mock`1&lt;ServicesDeskUCABWS.Data.IDataContext&gt;)" line-rate="1" branch-rate="1" complexity="1">
              <lines>
                <line number="159" hits="1" branch="False" />
                <line number="160" hits="1" branch="False" />
                <line number="162" hits="1" branch="False" />
                <line number="163" hits="1" branch="False" />
              </lines>
            </method>
            <method name="SetUpContextDataTipoEstadoVacio" signature="(Moq.Mock`1&lt;ServicesDeskUCABWS.Data.IDataContext&gt;)" line-rate="1" branch-rate="1" complexity="1">
              <lines>
                <line number="166" hits="1" branch="False" />
                <line number="167" hits="1" branch="False" />
                <line number="169" hits="1" branch="False" />
                <line number="170" hits="1" branch="False" />
              </lines>
            </method>
          </methods>
          <lines>
            <line number="18" hits="50" branch="False" />
            <line number="19" hits="50" branch="False" />
            <line number="20" hits="50" branch="False" />
            <line number="21" hits="50" branch="False" />
            <line number="22" hits="50" branch="False" />
            <line number="23" hits="50" branch="False" />
            <line number="24" hits="50" branch="False" />
            <line number="25" hits="50" branch="False" />
            <line number="26" hits="50" branch="False" />
            <line number="27" hits="50" branch="False" />
            <line number="28" hits="50" branch="False" />
            <line number="29" hits="50" branch="False" />
            <line number="30" hits="50" branch="False" />
            <line number="31" hits="50" branch="False" />
            <line number="32" hits="50" branch="False" />
            <line number="33" hits="50" branch="False" />
            <line number="34" hits="50" branch="False" />
            <line number="35" hits="50" branch="False" />
            <line number="36" hits="50" branch="False" />
            <line number="37" hits="50" branch="False" />
            <line number="38" hits="50" branch="False" />
            <line number="39" hits="50" branch="False" />
            <line number="40" hits="50" branch="False" />
            <line number="41" hits="50" branch="False" />
            <line number="42" hits="50" branch="False" />
            <line number="43" hits="50" branch="False" />
            <line number="44" hits="50" branch="False" />
            <line number="45" hits="50" branch="False" />
            <line number="46" hits="50" branch="False" />
            <line number="47" hits="50" branch="False" />
            <line number="48" hits="50" branch="False" />
            <line number="49" hits="50" branch="False" />
            <line number="50" hits="50" branch="False" />
            <line number="51" hits="50" branch="False" />
            <line number="52" hits="50" branch="False" />
            <line number="53" hits="50" branch="False" />
            <line number="54" hits="50" branch="False" />
            <line number="55" hits="50" branch="False" />
            <line number="56" hits="50" branch="False" />
            <line number="57" hits="50" branch="False" />
            <line number="58" hits="50" branch="False" />
            <line number="59" hits="50" branch="False" />
            <line number="60" hits="50" branch="False" />
            <line number="61" hits="50" branch="False" />
            <line number="62" hits="50" branch="False" />
            <line number="63" hits="50" branch="False" />
            <line number="64" hits="50" branch="False" />
            <line number="65" hits="50" branch="False" />
            <line number="66" hits="50" branch="False" />
            <line number="67" hits="50" branch="False" />
            <line number="68" hits="50" branch="False" />
            <line number="69" hits="50" branch="False" />
            <line number="70" hits="50" branch="False" />
            <line number="71" hits="50" branch="False" />
            <line number="72" hits="50" branch="False" />
            <line number="73" hits="50" branch="False" />
            <line number="74" hits="50" branch="False" />
            <line number="75" hits="50" branch="False" />
            <line number="77" hits="50" branch="False" />
            <line number="78" hits="50" branch="False" />
            <line number="79" hits="50" branch="False" />
            <line number="80" hits="50" branch="False" />
            <line number="81" hits="50" branch="False" />
            <line number="82" hits="50" branch="False" />
            <line number="83" hits="50" branch="False" />
            <line number="84" hits="50" branch="False" />
            <line number="85" hits="50" branch="False" />
            <line number="87" hits="50" branch="False" />
            <line number="88" hits="50" branch="False" />
            <line number="89" hits="50" branch="False" />
            <line number="90" hits="50" branch="False" />
            <line number="91" hits="50" branch="False" />
            <line number="92" hits="50" branch="False" />
            <line number="93" hits="50" branch="False" />
            <line number="94" hits="50" branch="False" />
            <line number="95" hits="50" branch="False" />
            <line number="96" hits="50" branch="False" />
            <line number="97" hits="50" branch="False" />
            <line number="98" hits="50" branch="False" />
            <line number="99" hits="50" branch="False" />
            <line number="100" hits="50" branch="False" />
            <line number="101" hits="50" branch="False" />
            <line number="103" hits="50" branch="False" />
            <line number="106" hits="150" branch="False" />
            <line number="108" hits="50" branch="False" />
            <line number="109" hits="50" branch="False" />
            <line number="110" hits="50" branch="False" />
            <line number="111" hits="50" branch="False" />
            <line number="112" hits="50" branch="False" />
            <line number="113" hits="50" branch="False" />
            <line number="114" hits="50" branch="False" />
            <line number="115" hits="50" branch="False" />
            <line number="116" hits="50" branch="False" />
            <line number="118" hits="50" branch="False" />
            <line number="119" hits="50" branch="False" />
            <line number="120" hits="50" branch="False" />
            <line number="130" hits="50" branch="False" />
            <line number="133" hits="0" branch="False" />
            <line number="134" hits="0" branch="False" />
            <line number="135" hits="0" branch="False" />
            <line number="136" hits="0" branch="False" />
            <line number="137" hits="0" branch="False" />
            <line number="138" hits="0" branch="False" />
            <line number="139" hits="0" branch="False" />
            <line number="140" hits="0" branch="False" />
            <line number="141" hits="0" branch="False" />
            <line number="142" hits="0" branch="False" />
            <line number="143" hits="0" branch="False" />
            <line number="145" hits="0" branch="False" />
            <line number="147" hits="0" branch="False" />
            <line number="148" hits="0" branch="False" />
            <line number="149" hits="0" branch="False" />
            <line number="152" hits="1" branch="False" />
            <line number="153" hits="1" branch="False" />
            <line number="155" hits="1" branch="False" />
            <line number="156" hits="1" branch="False" />
            <line number="159" hits="1" branch="False" />
            <line number="160" hits="1" branch="False" />
            <line number="162" hits="1" branch="False" />
            <line number="163" hits="1" branch="False" />
            <line number="166" hits="1" branch="False" />
            <line number="167" hits="1" branch="False" />
            <line number="169" hits="1" branch="False" />
            <line number="170" hits="1" branch="False" />
          </lines>
        </class>
      </classes>
    </package>
  </packages>
</coverage>